cargo :    Compiling proxy v0.1.0 
(C:\Users\u-adamu\Desktop\akargi\StrellerMinds-SmartContracts\contracts\proxy)
At line:1 char:1
+ cargo test -p proxy --lib 2>&1 | Out-File -Encoding utf8 test_output. ...
+ ~~~~~~~~~~~~~~~~~~~~~~~~~~~~~~
    + CategoryInfo          : NotSpecified: (   Compiling pr...ontracts\proxy):String) [], RemoteEx 
   ception
    + FullyQualifiedErrorId : NativeCommandError
 
warning: unused variable: `impl1`
  --> contracts\proxy\src\tests.rs:39:30
   |
39 |     let (env, client, admin, impl1, impl2) = setup_test_env();
   |                              ^^^^^ help: if this is intentional, prefix it with an underscore: 
`_impl1`
   |
   = note: `#[warn(unused_variables)]` (part of `#[warn(unused)]`) on by default

warning: unused variable: `admin`
  --> contracts\proxy\src\tests.rs:78:23
   |
78 |     let (env, client, admin, impl1, impl2) = setup_test_env();
   |                       ^^^^^ help: if this is intentional, prefix it with an underscore: 
`_admin`

warning: unused variable: `impl1`
  --> contracts\proxy\src\tests.rs:78:30
   |
78 |     let (env, client, admin, impl1, impl2) = setup_test_env();
   |                              ^^^^^ help: if this is intentional, prefix it with an underscore: 
`_impl1`

warning: unused variable: `impl1`
   --> contracts\proxy\src\tests.rs:114:30
    |
114 |     let (env, client, admin, impl1, impl2) = setup_test_env();
    |                              ^^^^^ help: if this is intentional, prefix it with an 
underscore: `_impl1`

warning: unused variable: `env`
   --> contracts\proxy\src\tests.rs:470:10
    |
470 |     let (env, client, admin, impl1, _impl2) = setup_test_env();
    |          ^^^ help: if this is intentional, prefix it with an underscore: `_env`

warning: `proxy` (lib test) generated 5 warnings (run `cargo fix --lib -p proxy --tests` to apply 5 
suggestions)
    Finished `test` profile [unoptimized + debuginfo] target(s) in 4.79s
     Running unittests src\lib.rs (target\debug\deps\proxy-1e590bb76e35180b.exe)

running 34 tests
test tests::test_get_admin_not_initialized - should panic ... FAILED
test tests::test_get_admin ... FAILED
test tests::test_get_current_version ... FAILED
test tests::test_cannot_reinitialize - should panic ... FAILED
test tests::test_admin_remains_consistent_across_operations ... FAILED
test tests::test_delegate_call_forwards_to_correct_implementation ... FAILED
test tests::test_get_implementation ... FAILED
test tests::test_emergency_pause ... FAILED
test tests::test_get_implementation_not_initialized - should panic ... FAILED
test tests::test_get_pending_upgrade ... FAILED
test tests::test_execute_upgrade_with_timelock ... FAILED
test tests::test_get_upgrade_timelock ... FAILED
test tests::test_non_admin_cannot_upgrade - should panic ... ok
test tests::test_non_admin_cannot_rollback - should panic ... ok
test tests::test_implementation_address_validation ... FAILED
test tests::test_initialize ... FAILED
test tests::test_initialize_requires_auth - should panic ... ok
test tests::test_initialization_sets_all_fields_correctly ... FAILED
test tests::test_multiple_upgrades_and_rollbacks ... FAILED
test tests::test_propose_upgrade ... FAILED
test tests::test_propose_upgrade_unauthorized - should panic ... ok
test tests::test_rollback ... FAILED
test tests::test_rollback_requires_auth - should panic ... ok
test tests::test_rollback_not_initialized - should panic ... FAILED
test tests::test_rollback_stack_integrity ... FAILED
test tests::test_rollback_no_previous_implementation - should panic ... FAILED
test tests::test_upgrade_after_rollback ... FAILED
test tests::test_storage_isolation_after_upgrade ... FAILED
test tests::test_storage_keys_dont_collide ... FAILED
test tests::test_upgrade ... FAILED
test tests::test_upgrade_not_initialized - should panic ... FAILED
test tests::test_upgrade_requires_auth - should panic ... ok
test tests::test_upgrade_same_implementation ... FAILED
test tests::test_vote_on_upgrade ... FAILED

failures:

---- tests::test_get_admin_not_initialized stdout ----

thread 'tests::test_get_admin_not_initialized' (18780) panicked at C:\Users\u-adamu\.cargo\registry\src\index.crates.io-1949cf8c6b5b557f\soroban-env-host-22.1.3\src\host.rs:847:9:
HostError: Error(Auth, InvalidAction)

Event log (newest first):
   0: [Diagnostic Event] topics:[error, Error(Auth, InvalidAction)], data:"escalating error to panic"
   1: [Diagnostic Event] topics:[error, Error(Auth, InvalidAction)], data:["contract call failed", initialize, [CAAAAAAAAAAAAAAAAAAAAAAAAAAAAAAAAAAAAAAAAAAAAAAAAAAAFCT4, CAAAAAAAAAAAAAAAAAAAAAAAAAAAAAAAAAAAAAAAAAAAAAAAAAAAHK3M]]
   2: [Failed Diagnostic Event (not emitted)] contract:CAAAAAAAAAAAAAAAAAAAAAAAAAAAAAAAAAAAAAAAAAAAAAAAAAAAD2KM, topics:[error, Error(Auth, InvalidAction)], data:"caught error from function"
   3: [Failed Diagnostic Event (not emitted)] contract:CAAAAAAAAAAAAAAAAAAAAAAAAAAAAAAAAAAAAAAAAAAAAAAAAAAAD2KM, topics:[error, Error(Auth, InvalidAction)], data:"escalating error to panic"
   4: [Failed Diagnostic Event (not emitted)] contract:CAAAAAAAAAAAAAAAAAAAAAAAAAAAAAAAAAAAAAAAAAAAAAAAAAAAD2KM, topics:[error, Error(Auth, InvalidAction)], data:["Unauthorized function call for address", CAAAAAAAAAAAAAAAAAAAAAAAAAAAAAAAAAAAAAAAAAAAAAAAAAAAFCT4]
   5: [Failed Diagnostic Event (not emitted)] contract:CAAAAAAAAAAAAAAAAAAAAAAAAAAAAAAAAAAAAAAAAAAAAAAAAAAAFCT4, topics:[fn_return, __check_auth], data:Void
   6: [Failed Diagnostic Event (not emitted)] contract:CAAAAAAAAAAAAAAAAAAAAAAAAAAAAAAAAAAAAAAAAAAAAAAAAAAAD2KM, topics:[fn_call, CAAAAAAAAAAAAAAAAAAAAAAAAAAAAAAAAAAAAAAAAAAAAAAAAAAAFCT4, __check_auth], data:[Bytes(34b3d6b2f81120958a9504440f42fdd2e929707a1511d97ee0915eb6866010d7), Void, [[Contract, {args: [CAAAAAAAAAAAAAAAAAAAAAAAAAAAAAAAAAAAAAAAAAAAAAAAAAAAFCT4, CAAAAAAAAAAAAAAAAAAAAAAAAAAAAAAAAAAAAAAAAAAAAAAAAAAAHK3M], contract: CAAAAAAAAAAAAAAAAAAAAAAAAAAAAAAAAAAAAAAAAAAAAAAAAAAAD2KM, fn_name: initialize}]]]
   7: [Diagnostic Event] topics:[fn_call, CAAAAAAAAAAAAAAAAAAAAAAAAAAAAAAAAAAAAAAAAAAAAAAAAAAAD2KM, initialize], data:[CAAAAAAAAAAAAAAAAAAAAAAAAAAAAAAAAAAAAAAAAAAAAAAAAAAAFCT4, CAAAAAAAAAAAAAAAAAAAAAAAAAAAAAAAAAAAAAAAAAAAAAAAAAAAHK3M]

Writing test snapshot file for test "tests::test_get_admin_not_initialized" to "test_snapshots\\tests\\test_get_admin_not_initialized.1.json".
note: panic did not contain expected string
      panic message: "HostError: Error(Auth, InvalidAction)\n\nEvent log (newest first):\n   0: [Diagnostic Event] topics:[error, Error(Auth, InvalidAction)], data:\"escalating error to panic\"\n   1: [Diagnostic Event] topics:[error, Error(Auth, InvalidAction)], data:[\"contract call failed\", initialize, [CAAAAAAAAAAAAAAAAAAAAAAAAAAAAAAAAAAAAAAAAAAAAAAAAAAAFCT4, CAAAAAAAAAAAAAAAAAAAAAAAAAAAAAAAAAAAAAAAAAAAAAAAAAAAHK3M]]\n   2: [Failed Diagnostic Event (not emitted)] contract:CAAAAAAAAAAAAAAAAAAAAAAAAAAAAAAAAAAAAAAAAAAAAAAAAAAAD2KM, topics:[error, Error(Auth, InvalidAction)], data:\"caught error from function\"\n   3: [Failed Diagnostic Event (not emitted)] contract:CAAAAAAAAAAAAAAAAAAAAAAAAAAAAAAAAAAAAAAAAAAAAAAAAAAAD2KM, topics:[error, Error(Auth, InvalidAction)], data:\"escalating error to panic\"\n   4: [Failed Diagnostic Event (not emitted)] contract:CAAAAAAAAAAAAAAAAAAAAAAAAAAAAAAAAAAAAAAAAAAAAAAAAAAAD2KM, topics:[error, Error(Auth, InvalidAction)], data:[\"Unauthorized function call for address\", CAAAAAAAAAAAAAAAAAAAAAAAAAAAAAAAAAAAAAAAAAAAAAAAAAAAFCT4]\n   5: [Failed Diagnostic Event (not emitted)] contract:CAAAAAAAAAAAAAAAAAAAAAAAAAAAAAAAAAAAAAAAAAAAAAAAAAAAFCT4, topics:[fn_return, __check_auth], data:Void\n   6: [Failed Diagnostic Event (not emitted)] contract:CAAAAAAAAAAAAAAAAAAAAAAAAAAAAAAAAAAAAAAAAAAAAAAAAAAAD2KM, topics:[fn_call, CAAAAAAAAAAAAAAAAAAAAAAAAAAAAAAAAAAAAAAAAAAAAAAAAAAAFCT4, __check_auth], data:[Bytes(34b3d6b2f81120958a9504440f42fdd2e929707a1511d97ee0915eb6866010d7), Void, [[Contract, {args: [CAAAAAAAAAAAAAAAAAAAAAAAAAAAAAAAAAAAAAAAAAAAAAAAAAAAFCT4, CAAAAAAAAAAAAAAAAAAAAAAAAAAAAAAAAAAAAAAAAAAAAAAAAAAAHK3M], contract: CAAAAAAAAAAAAAAAAAAAAAAAAAAAAAAAAAAAAAAAAAAAAAAAAAAAD2KM, fn_name: initialize}]]]\n   7: [Diagnostic Event] topics:[fn_call, CAAAAAAAAAAAAAAAAAAAAAAAAAAAAAAAAAAAAAAAAAAAAAAAAAAAD2KM, initialize], data:[CAAAAAAAAAAAAAAAAAAAAAAAAAAAAAAAAAAAAAAAAAAAAAAAAAAAFCT4, CAAAAAAAAAAAAAAAAAAAAAAAAAAAAAAAAAAAAAAAAAAAAAAAAAAAHK3M]\n"
 expected substring: "HostError: Error(WasmVm, InvalidAction)"
---- tests::test_get_admin stdout ----

thread 'tests::test_get_admin' (5484) panicked at C:\Users\u-adamu\.cargo\registry\src\index.crates.io-1949cf8c6b5b557f\soroban-env-host-22.1.3\src\host.rs:847:9:
HostError: Error(Auth, InvalidAction)

Event log (newest first):
   0: [Diagnostic Event] topics:[error, Error(Auth, InvalidAction)], data:"escalating error to panic"
   1: [Diagnostic Event] topics:[error, Error(Auth, InvalidAction)], data:["contract call failed", initialize, [CAAAAAAAAAAAAAAAAAAAAAAAAAAAAAAAAAAAAAAAAAAAAAAAAAAAFCT4, CAAAAAAAAAAAAAAAAAAAAAAAAAAAAAAAAAAAAAAAAAAAAAAAAAAAHK3M]]
   2: [Failed Diagnostic Event (not emitted)] contract:CAAAAAAAAAAAAAAAAAAAAAAAAAAAAAAAAAAAAAAAAAAAAAAAAAAAD2KM, topics:[error, Error(Auth, InvalidAction)], data:"caught error from function"
   3: [Failed Diagnostic Event (not emitted)] contract:CAAAAAAAAAAAAAAAAAAAAAAAAAAAAAAAAAAAAAAAAAAAAAAAAAAAD2KM, topics:[error, Error(Auth, InvalidAction)], data:"escalating error to panic"
   4: [Failed Diagnostic Event (not emitted)] contract:CAAAAAAAAAAAAAAAAAAAAAAAAAAAAAAAAAAAAAAAAAAAAAAAAAAAD2KM, topics:[error, Error(Auth, InvalidAction)], data:["Unauthorized function call for address", CAAAAAAAAAAAAAAAAAAAAAAAAAAAAAAAAAAAAAAAAAAAAAAAAAAAFCT4]
   5: [Failed Diagnostic Event (not emitted)] contract:CAAAAAAAAAAAAAAAAAAAAAAAAAAAAAAAAAAAAAAAAAAAAAAAAAAAFCT4, topics:[fn_return, __check_auth], data:Void
   6: [Failed Diagnostic Event (not emitted)] contract:CAAAAAAAAAAAAAAAAAAAAAAAAAAAAAAAAAAAAAAAAAAAAAAAAAAAD2KM, topics:[fn_call, CAAAAAAAAAAAAAAAAAAAAAAAAAAAAAAAAAAAAAAAAAAAAAAAAAAAFCT4, __check_auth], data:[Bytes(34b3d6b2f81120958a9504440f42fdd2e929707a1511d97ee0915eb6866010d7), Void, [[Contract, {args: [CAAAAAAAAAAAAAAAAAAAAAAAAAAAAAAAAAAAAAAAAAAAAAAAAAAAFCT4, CAAAAAAAAAAAAAAAAAAAAAAAAAAAAAAAAAAAAAAAAAAAAAAAAAAAHK3M], contract: CAAAAAAAAAAAAAAAAAAAAAAAAAAAAAAAAAAAAAAAAAAAAAAAAAAAD2KM, fn_name: initialize}]]]
   7: [Diagnostic Event] topics:[fn_call, CAAAAAAAAAAAAAAAAAAAAAAAAAAAAAAAAAAAAAAAAAAAAAAAAAAAD2KM, initialize], data:[CAAAAAAAAAAAAAAAAAAAAAAAAAAAAAAAAAAAAAAAAAAAAAAAAAAAFCT4, CAAAAAAAAAAAAAAAAAAAAAAAAAAAAAAAAAAAAAAAAAAAAAAAAAAAHK3M]

note: run with `RUST_BACKTRACE=1` environment variable to display a backtrace
Writing test snapshot file for test "tests::test_get_admin" to "test_snapshots\\tests\\test_get_admin.1.json".

---- tests::test_get_current_version stdout ----

thread 'tests::test_get_current_version' (6332) panicked at C:\Users\u-adamu\.cargo\registry\src\index.crates.io-1949cf8c6b5b557f\soroban-env-host-22.1.3\src\host.rs:847:9:
HostError: Error(Auth, InvalidAction)

Event log (newest first):
   0: [Diagnostic Event] topics:[error, Error(Auth, InvalidAction)], data:"escalating error to panic"
   1: [Diagnostic Event] topics:[error, Error(Auth, InvalidAction)], data:["contract call failed", initialize, [CAAAAAAAAAAAAAAAAAAAAAAAAAAAAAAAAAAAAAAAAAAAAAAAAAAAFCT4, CAAAAAAAAAAAAAAAAAAAAAAAAAAAAAAAAAAAAAAAAAAAAAAAAAAAHK3M]]
   2: [Failed Diagnostic Event (not emitted)] contract:CAAAAAAAAAAAAAAAAAAAAAAAAAAAAAAAAAAAAAAAAAAAAAAAAAAAD2KM, topics:[error, Error(Auth, InvalidAction)], data:"caught error from function"
   3: [Failed Diagnostic Event (not emitted)] contract:CAAAAAAAAAAAAAAAAAAAAAAAAAAAAAAAAAAAAAAAAAAAAAAAAAAAD2KM, topics:[error, Error(Auth, InvalidAction)], data:"escalating error to panic"
   4: [Failed Diagnostic Event (not emitted)] contract:CAAAAAAAAAAAAAAAAAAAAAAAAAAAAAAAAAAAAAAAAAAAAAAAAAAAD2KM, topics:[error, Error(Auth, InvalidAction)], data:["Unauthorized function call for address", CAAAAAAAAAAAAAAAAAAAAAAAAAAAAAAAAAAAAAAAAAAAAAAAAAAAFCT4]
   5: [Failed Diagnostic Event (not emitted)] contract:CAAAAAAAAAAAAAAAAAAAAAAAAAAAAAAAAAAAAAAAAAAAAAAAAAAAFCT4, topics:[fn_return, __check_auth], data:Void
   6: [Failed Diagnostic Event (not emitted)] contract:CAAAAAAAAAAAAAAAAAAAAAAAAAAAAAAAAAAAAAAAAAAAAAAAAAAAD2KM, topics:[fn_call, CAAAAAAAAAAAAAAAAAAAAAAAAAAAAAAAAAAAAAAAAAAAAAAAAAAAFCT4, __check_auth], data:[Bytes(34b3d6b2f81120958a9504440f42fdd2e929707a1511d97ee0915eb6866010d7), Void, [[Contract, {args: [CAAAAAAAAAAAAAAAAAAAAAAAAAAAAAAAAAAAAAAAAAAAAAAAAAAAFCT4, CAAAAAAAAAAAAAAAAAAAAAAAAAAAAAAAAAAAAAAAAAAAAAAAAAAAHK3M], contract: CAAAAAAAAAAAAAAAAAAAAAAAAAAAAAAAAAAAAAAAAAAAAAAAAAAAD2KM, fn_name: initialize}]]]
   7: [Diagnostic Event] topics:[fn_call, CAAAAAAAAAAAAAAAAAAAAAAAAAAAAAAAAAAAAAAAAAAAAAAAAAAAD2KM, initialize], data:[CAAAAAAAAAAAAAAAAAAAAAAAAAAAAAAAAAAAAAAAAAAAAAAAAAAAFCT4, CAAAAAAAAAAAAAAAAAAAAAAAAAAAAAAAAAAAAAAAAAAAAAAAAAAAHK3M]

Writing test snapshot file for test "tests::test_get_current_version" to "test_snapshots\\tests\\test_get_current_version.1.json".

---- tests::test_cannot_reinitialize stdout ----

thread 'tests::test_cannot_reinitialize' (28024) panicked at C:\Users\u-adamu\.cargo\registry\src\index.crates.io-1949cf8c6b5b557f\soroban-env-host-22.1.3\src\host.rs:847:9:
HostError: Error(Auth, InvalidAction)

Event log (newest first):
   0: [Diagnostic Event] topics:[error, Error(Auth, InvalidAction)], data:"escalating error to panic"
   1: [Diagnostic Event] topics:[error, Error(Auth, InvalidAction)], data:["contract call failed", initialize, [CAAAAAAAAAAAAAAAAAAAAAAAAAAAAAAAAAAAAAAAAAAAAAAAAAAAFCT4, CAAAAAAAAAAAAAAAAAAAAAAAAAAAAAAAAAAAAAAAAAAAAAAAAAAAHK3M]]
   2: [Failed Diagnostic Event (not emitted)] contract:CAAAAAAAAAAAAAAAAAAAAAAAAAAAAAAAAAAAAAAAAAAAAAAAAAAAD2KM, topics:[error, Error(Auth, InvalidAction)], data:"caught error from function"
   3: [Failed Diagnostic Event (not emitted)] contract:CAAAAAAAAAAAAAAAAAAAAAAAAAAAAAAAAAAAAAAAAAAAAAAAAAAAD2KM, topics:[error, Error(Auth, InvalidAction)], data:"escalating error to panic"
   4: [Failed Diagnostic Event (not emitted)] contract:CAAAAAAAAAAAAAAAAAAAAAAAAAAAAAAAAAAAAAAAAAAAAAAAAAAAD2KM, topics:[error, Error(Auth, InvalidAction)], data:["Unauthorized function call for address", CAAAAAAAAAAAAAAAAAAAAAAAAAAAAAAAAAAAAAAAAAAAAAAAAAAAFCT4]
   5: [Failed Diagnostic Event (not emitted)] contract:CAAAAAAAAAAAAAAAAAAAAAAAAAAAAAAAAAAAAAAAAAAAAAAAAAAAFCT4, topics:[fn_return, __check_auth], data:Void
   6: [Failed Diagnostic Event (not emitted)] contract:CAAAAAAAAAAAAAAAAAAAAAAAAAAAAAAAAAAAAAAAAAAAAAAAAAAAD2KM, topics:[fn_call, CAAAAAAAAAAAAAAAAAAAAAAAAAAAAAAAAAAAAAAAAAAAAAAAAAAAFCT4, __check_auth], data:[Bytes(34b3d6b2f81120958a9504440f42fdd2e929707a1511d97ee0915eb6866010d7), Void, [[Contract, {args: [CAAAAAAAAAAAAAAAAAAAAAAAAAAAAAAAAAAAAAAAAAAAAAAAAAAAFCT4, CAAAAAAAAAAAAAAAAAAAAAAAAAAAAAAAAAAAAAAAAAAAAAAAAAAAHK3M], contract: CAAAAAAAAAAAAAAAAAAAAAAAAAAAAAAAAAAAAAAAAAAAAAAAAAAAD2KM, fn_name: initialize}]]]
   7: [Diagnostic Event] topics:[fn_call, CAAAAAAAAAAAAAAAAAAAAAAAAAAAAAAAAAAAAAAAAAAAAAAAAAAAD2KM, initialize], data:[CAAAAAAAAAAAAAAAAAAAAAAAAAAAAAAAAAAAAAAAAAAAAAAAAAAAFCT4, CAAAAAAAAAAAAAAAAAAAAAAAAAAAAAAAAAAAAAAAAAAAAAAAAAAAHK3M]

Writing test snapshot file for test "tests::test_cannot_reinitialize" to "test_snapshots\\tests\\test_cannot_reinitialize.1.json".
note: panic did not contain expected string
      panic message: "HostError: Error(Auth, InvalidAction)\n\nEvent log (newest first):\n   0: [Diagnostic Event] topics:[error, Error(Auth, InvalidAction)], data:\"escalating error to panic\"\n   1: [Diagnostic Event] topics:[error, Error(Auth, InvalidAction)], data:[\"contract call failed\", initialize, [CAAAAAAAAAAAAAAAAAAAAAAAAAAAAAAAAAAAAAAAAAAAAAAAAAAAFCT4, CAAAAAAAAAAAAAAAAAAAAAAAAAAAAAAAAAAAAAAAAAAAAAAAAAAAHK3M]]\n   2: [Failed Diagnostic Event (not emitted)] contract:CAAAAAAAAAAAAAAAAAAAAAAAAAAAAAAAAAAAAAAAAAAAAAAAAAAAD2KM, topics:[error, Error(Auth, InvalidAction)], data:\"caught error from function\"\n   3: [Failed Diagnostic Event (not emitted)] contract:CAAAAAAAAAAAAAAAAAAAAAAAAAAAAAAAAAAAAAAAAAAAAAAAAAAAD2KM, topics:[error, Error(Auth, InvalidAction)], data:\"escalating error to panic\"\n   4: [Failed Diagnostic Event (not emitted)] contract:CAAAAAAAAAAAAAAAAAAAAAAAAAAAAAAAAAAAAAAAAAAAAAAAAAAAD2KM, topics:[error, Error(Auth, InvalidAction)], data:[\"Unauthorized function call for address\", CAAAAAAAAAAAAAAAAAAAAAAAAAAAAAAAAAAAAAAAAAAAAAAAAAAAFCT4]\n   5: [Failed Diagnostic Event (not emitted)] contract:CAAAAAAAAAAAAAAAAAAAAAAAAAAAAAAAAAAAAAAAAAAAAAAAAAAAFCT4, topics:[fn_return, __check_auth], data:Void\n   6: [Failed Diagnostic Event (not emitted)] contract:CAAAAAAAAAAAAAAAAAAAAAAAAAAAAAAAAAAAAAAAAAAAAAAAAAAAD2KM, topics:[fn_call, CAAAAAAAAAAAAAAAAAAAAAAAAAAAAAAAAAAAAAAAAAAAAAAAAAAAFCT4, __check_auth], data:[Bytes(34b3d6b2f81120958a9504440f42fdd2e929707a1511d97ee0915eb6866010d7), Void, [[Contract, {args: [CAAAAAAAAAAAAAAAAAAAAAAAAAAAAAAAAAAAAAAAAAAAAAAAAAAAFCT4, CAAAAAAAAAAAAAAAAAAAAAAAAAAAAAAAAAAAAAAAAAAAAAAAAAAAHK3M], contract: CAAAAAAAAAAAAAAAAAAAAAAAAAAAAAAAAAAAAAAAAAAAAAAAAAAAD2KM, fn_name: initialize}]]]\n   7: [Diagnostic Event] topics:[fn_call, CAAAAAAAAAAAAAAAAAAAAAAAAAAAAAAAAAAAAAAAAAAAAAAAAAAAD2KM, initialize], data:[CAAAAAAAAAAAAAAAAAAAAAAAAAAAAAAAAAAAAAAAAAAAAAAAAAAAFCT4, CAAAAAAAAAAAAAAAAAAAAAAAAAAAAAAAAAAAAAAAAAAAAAAAAAAAHK3M]\n"
 expected substring: "Contract already initialized"
---- tests::test_admin_remains_consistent_across_operations stdout ----

thread 'tests::test_admin_remains_consistent_across_operations' (8136) panicked at C:\Users\u-adamu\.cargo\registry\src\index.crates.io-1949cf8c6b5b557f\soroban-env-host-22.1.3\src\host.rs:847:9:
HostError: Error(Auth, InvalidAction)

Event log (newest first):
   0: [Diagnostic Event] topics:[error, Error(Auth, InvalidAction)], data:"escalating error to panic"
   1: [Diagnostic Event] topics:[error, Error(Auth, InvalidAction)], data:["contract call failed", initialize, [CAAAAAAAAAAAAAAAAAAAAAAAAAAAAAAAAAAAAAAAAAAAAAAAAAAAFCT4, CAAAAAAAAAAAAAAAAAAAAAAAAAAAAAAAAAAAAAAAAAAAAAAAAAAAHK3M]]
   2: [Failed Diagnostic Event (not emitted)] contract:CAAAAAAAAAAAAAAAAAAAAAAAAAAAAAAAAAAAAAAAAAAAAAAAAAAAD2KM, topics:[error, Error(Auth, InvalidAction)], data:"caught error from function"
   3: [Failed Diagnostic Event (not emitted)] contract:CAAAAAAAAAAAAAAAAAAAAAAAAAAAAAAAAAAAAAAAAAAAAAAAAAAAD2KM, topics:[error, Error(Auth, InvalidAction)], data:"escalating error to panic"
   4: [Failed Diagnostic Event (not emitted)] contract:CAAAAAAAAAAAAAAAAAAAAAAAAAAAAAAAAAAAAAAAAAAAAAAAAAAAD2KM, topics:[error, Error(Auth, InvalidAction)], data:["Unauthorized function call for address", CAAAAAAAAAAAAAAAAAAAAAAAAAAAAAAAAAAAAAAAAAAAAAAAAAAAFCT4]
   5: [Failed Diagnostic Event (not emitted)] contract:CAAAAAAAAAAAAAAAAAAAAAAAAAAAAAAAAAAAAAAAAAAAAAAAAAAAFCT4, topics:[fn_return, __check_auth], data:Void
   6: [Failed Diagnostic Event (not emitted)] contract:CAAAAAAAAAAAAAAAAAAAAAAAAAAAAAAAAAAAAAAAAAAAAAAAAAAAD2KM, topics:[fn_call, CAAAAAAAAAAAAAAAAAAAAAAAAAAAAAAAAAAAAAAAAAAAAAAAAAAAFCT4, __check_auth], data:[Bytes(34b3d6b2f81120958a9504440f42fdd2e929707a1511d97ee0915eb6866010d7), Void, [[Contract, {args: [CAAAAAAAAAAAAAAAAAAAAAAAAAAAAAAAAAAAAAAAAAAAAAAAAAAAFCT4, CAAAAAAAAAAAAAAAAAAAAAAAAAAAAAAAAAAAAAAAAAAAAAAAAAAAHK3M], contract: CAAAAAAAAAAAAAAAAAAAAAAAAAAAAAAAAAAAAAAAAAAAAAAAAAAAD2KM, fn_name: initialize}]]]
   7: [Diagnostic Event] topics:[fn_call, CAAAAAAAAAAAAAAAAAAAAAAAAAAAAAAAAAAAAAAAAAAAAAAAAAAAD2KM, initialize], data:[CAAAAAAAAAAAAAAAAAAAAAAAAAAAAAAAAAAAAAAAAAAAAAAAAAAAFCT4, CAAAAAAAAAAAAAAAAAAAAAAAAAAAAAAAAAAAAAAAAAAAAAAAAAAAHK3M]

Writing test snapshot file for test "tests::test_admin_remains_consistent_across_operations" to "test_snapshots\\tests\\test_admin_remains_consistent_across_operations.1.json".

---- tests::test_delegate_call_forwards_to_correct_implementation stdout ----

thread 'tests::test_delegate_call_forwards_to_correct_implementation' (12260) panicked at C:\Users\u-adamu\.cargo\registry\src\index.crates.io-1949cf8c6b5b557f\soroban-env-host-22.1.3\src\host.rs:847:9:
HostError: Error(Auth, InvalidAction)

Event log (newest first):
   0: [Diagnostic Event] topics:[error, Error(Auth, InvalidAction)], data:"escalating error to panic"
   1: [Diagnostic Event] topics:[error, Error(Auth, InvalidAction)], data:["contract call failed", initialize, [CAAAAAAAAAAAAAAAAAAAAAAAAAAAAAAAAAAAAAAAAAAAAAAAAAAAFCT4, CAAAAAAAAAAAAAAAAAAAAAAAAAAAAAAAAAAAAAAAAAAAAAAAAAAAHK3M]]
   2: [Failed Diagnostic Event (not emitted)] contract:CAAAAAAAAAAAAAAAAAAAAAAAAAAAAAAAAAAAAAAAAAAAAAAAAAAAD2KM, topics:[error, Error(Auth, InvalidAction)], data:"caught error from function"
   3: [Failed Diagnostic Event (not emitted)] contract:CAAAAAAAAAAAAAAAAAAAAAAAAAAAAAAAAAAAAAAAAAAAAAAAAAAAD2KM, topics:[error, Error(Auth, InvalidAction)], data:"escalating error to panic"
   4: [Failed Diagnostic Event (not emitted)] contract:CAAAAAAAAAAAAAAAAAAAAAAAAAAAAAAAAAAAAAAAAAAAAAAAAAAAD2KM, topics:[error, Error(Auth, InvalidAction)], data:["Unauthorized function call for address", CAAAAAAAAAAAAAAAAAAAAAAAAAAAAAAAAAAAAAAAAAAAAAAAAAAAFCT4]
   5: [Failed Diagnostic Event (not emitted)] contract:CAAAAAAAAAAAAAAAAAAAAAAAAAAAAAAAAAAAAAAAAAAAAAAAAAAAFCT4, topics:[fn_return, __check_auth], data:Void
   6: [Failed Diagnostic Event (not emitted)] contract:CAAAAAAAAAAAAAAAAAAAAAAAAAAAAAAAAAAAAAAAAAAAAAAAAAAAD2KM, topics:[fn_call, CAAAAAAAAAAAAAAAAAAAAAAAAAAAAAAAAAAAAAAAAAAAAAAAAAAAFCT4, __check_auth], data:[Bytes(34b3d6b2f81120958a9504440f42fdd2e929707a1511d97ee0915eb6866010d7), Void, [[Contract, {args: [CAAAAAAAAAAAAAAAAAAAAAAAAAAAAAAAAAAAAAAAAAAAAAAAAAAAFCT4, CAAAAAAAAAAAAAAAAAAAAAAAAAAAAAAAAAAAAAAAAAAAAAAAAAAAHK3M], contract: CAAAAAAAAAAAAAAAAAAAAAAAAAAAAAAAAAAAAAAAAAAAAAAAAAAAD2KM, fn_name: initialize}]]]
   7: [Diagnostic Event] topics:[fn_call, CAAAAAAAAAAAAAAAAAAAAAAAAAAAAAAAAAAAAAAAAAAAAAAAAAAAD2KM, initialize], data:[CAAAAAAAAAAAAAAAAAAAAAAAAAAAAAAAAAAAAAAAAAAAAAAAAAAAFCT4, CAAAAAAAAAAAAAAAAAAAAAAAAAAAAAAAAAAAAAAAAAAAAAAAAAAAHK3M]

Writing test snapshot file for test "tests::test_delegate_call_forwards_to_correct_implementation" to "test_snapshots\\tests\\test_delegate_call_forwards_to_correct_implementation.1.json".

---- tests::test_get_implementation stdout ----

thread 'tests::test_get_implementation' (11132) panicked at C:\Users\u-adamu\.cargo\registry\src\index.crates.io-1949cf8c6b5b557f\soroban-env-host-22.1.3\src\host.rs:847:9:
HostError: Error(Auth, InvalidAction)

Event log (newest first):
   0: [Diagnostic Event] topics:[error, Error(Auth, InvalidAction)], data:"escalating error to panic"
   1: [Diagnostic Event] topics:[error, Error(Auth, InvalidAction)], data:["contract call failed", initialize, [CAAAAAAAAAAAAAAAAAAAAAAAAAAAAAAAAAAAAAAAAAAAAAAAAAAAFCT4, CAAAAAAAAAAAAAAAAAAAAAAAAAAAAAAAAAAAAAAAAAAAAAAAAAAAHK3M]]
   2: [Failed Diagnostic Event (not emitted)] contract:CAAAAAAAAAAAAAAAAAAAAAAAAAAAAAAAAAAAAAAAAAAAAAAAAAAAD2KM, topics:[error, Error(Auth, InvalidAction)], data:"caught error from function"
   3: [Failed Diagnostic Event (not emitted)] contract:CAAAAAAAAAAAAAAAAAAAAAAAAAAAAAAAAAAAAAAAAAAAAAAAAAAAD2KM, topics:[error, Error(Auth, InvalidAction)], data:"escalating error to panic"
   4: [Failed Diagnostic Event (not emitted)] contract:CAAAAAAAAAAAAAAAAAAAAAAAAAAAAAAAAAAAAAAAAAAAAAAAAAAAD2KM, topics:[error, Error(Auth, InvalidAction)], data:["Unauthorized function call for address", CAAAAAAAAAAAAAAAAAAAAAAAAAAAAAAAAAAAAAAAAAAAAAAAAAAAFCT4]
   5: [Failed Diagnostic Event (not emitted)] contract:CAAAAAAAAAAAAAAAAAAAAAAAAAAAAAAAAAAAAAAAAAAAAAAAAAAAFCT4, topics:[fn_return, __check_auth], data:Void
   6: [Failed Diagnostic Event (not emitted)] contract:CAAAAAAAAAAAAAAAAAAAAAAAAAAAAAAAAAAAAAAAAAAAAAAAAAAAD2KM, topics:[fn_call, CAAAAAAAAAAAAAAAAAAAAAAAAAAAAAAAAAAAAAAAAAAAAAAAAAAAFCT4, __check_auth], data:[Bytes(34b3d6b2f81120958a9504440f42fdd2e929707a1511d97ee0915eb6866010d7), Void, [[Contract, {args: [CAAAAAAAAAAAAAAAAAAAAAAAAAAAAAAAAAAAAAAAAAAAAAAAAAAAFCT4, CAAAAAAAAAAAAAAAAAAAAAAAAAAAAAAAAAAAAAAAAAAAAAAAAAAAHK3M], contract: CAAAAAAAAAAAAAAAAAAAAAAAAAAAAAAAAAAAAAAAAAAAAAAAAAAAD2KM, fn_name: initialize}]]]
   7: [Diagnostic Event] topics:[fn_call, CAAAAAAAAAAAAAAAAAAAAAAAAAAAAAAAAAAAAAAAAAAAAAAAAAAAD2KM, initialize], data:[CAAAAAAAAAAAAAAAAAAAAAAAAAAAAAAAAAAAAAAAAAAAAAAAAAAAFCT4, CAAAAAAAAAAAAAAAAAAAAAAAAAAAAAAAAAAAAAAAAAAAAAAAAAAAHK3M]

Writing test snapshot file for test "tests::test_get_implementation" to "test_snapshots\\tests\\test_get_implementation.1.json".

---- tests::test_emergency_pause stdout ----

thread 'tests::test_emergency_pause' (20440) panicked at C:\Users\u-adamu\.cargo\registry\src\index.crates.io-1949cf8c6b5b557f\soroban-env-host-22.1.3\src\host.rs:847:9:
HostError: Error(Auth, InvalidAction)

Event log (newest first):
   0: [Diagnostic Event] topics:[error, Error(Auth, InvalidAction)], data:"escalating error to panic"
   1: [Diagnostic Event] topics:[error, Error(Auth, InvalidAction)], data:["contract call failed", initialize, [CAAAAAAAAAAAAAAAAAAAAAAAAAAAAAAAAAAAAAAAAAAAAAAAAAAAFCT4, CAAAAAAAAAAAAAAAAAAAAAAAAAAAAAAAAAAAAAAAAAAAAAAAAAAAHK3M]]
   2: [Failed Diagnostic Event (not emitted)] contract:CAAAAAAAAAAAAAAAAAAAAAAAAAAAAAAAAAAAAAAAAAAAAAAAAAAAD2KM, topics:[error, Error(Auth, InvalidAction)], data:"caught error from function"
   3: [Failed Diagnostic Event (not emitted)] contract:CAAAAAAAAAAAAAAAAAAAAAAAAAAAAAAAAAAAAAAAAAAAAAAAAAAAD2KM, topics:[error, Error(Auth, InvalidAction)], data:"escalating error to panic"
   4: [Failed Diagnostic Event (not emitted)] contract:CAAAAAAAAAAAAAAAAAAAAAAAAAAAAAAAAAAAAAAAAAAAAAAAAAAAD2KM, topics:[error, Error(Auth, InvalidAction)], data:["Unauthorized function call for address", CAAAAAAAAAAAAAAAAAAAAAAAAAAAAAAAAAAAAAAAAAAAAAAAAAAAFCT4]
   5: [Failed Diagnostic Event (not emitted)] contract:CAAAAAAAAAAAAAAAAAAAAAAAAAAAAAAAAAAAAAAAAAAAAAAAAAAAFCT4, topics:[fn_return, __check_auth], data:Void
   6: [Failed Diagnostic Event (not emitted)] contract:CAAAAAAAAAAAAAAAAAAAAAAAAAAAAAAAAAAAAAAAAAAAAAAAAAAAD2KM, topics:[fn_call, CAAAAAAAAAAAAAAAAAAAAAAAAAAAAAAAAAAAAAAAAAAAAAAAAAAAFCT4, __check_auth], data:[Bytes(34b3d6b2f81120958a9504440f42fdd2e929707a1511d97ee0915eb6866010d7), Void, [[Contract, {args: [CAAAAAAAAAAAAAAAAAAAAAAAAAAAAAAAAAAAAAAAAAAAAAAAAAAAFCT4, CAAAAAAAAAAAAAAAAAAAAAAAAAAAAAAAAAAAAAAAAAAAAAAAAAAAHK3M], contract: CAAAAAAAAAAAAAAAAAAAAAAAAAAAAAAAAAAAAAAAAAAAAAAAAAAAD2KM, fn_name: initialize}]]]
   7: [Diagnostic Event] topics:[fn_call, CAAAAAAAAAAAAAAAAAAAAAAAAAAAAAAAAAAAAAAAAAAAAAAAAAAAD2KM, initialize], data:[CAAAAAAAAAAAAAAAAAAAAAAAAAAAAAAAAAAAAAAAAAAAAAAAAAAAFCT4, CAAAAAAAAAAAAAAAAAAAAAAAAAAAAAAAAAAAAAAAAAAAAAAAAAAAHK3M]

Writing test snapshot file for test "tests::test_emergency_pause" to "test_snapshots\\tests\\test_emergency_pause.1.json".

---- tests::test_get_implementation_not_initialized stdout ----

thread 'tests::test_get_implementation_not_initialized' (15804) panicked at C:\Users\u-adamu\.cargo\registry\src\index.crates.io-1949cf8c6b5b557f\soroban-env-host-22.1.3\src\host.rs:847:9:
HostError: Error(Auth, InvalidAction)

Event log (newest first):
   0: [Diagnostic Event] topics:[error, Error(Auth, InvalidAction)], data:"escalating error to panic"
   1: [Diagnostic Event] topics:[error, Error(Auth, InvalidAction)], data:["contract call failed", initialize, [CAAAAAAAAAAAAAAAAAAAAAAAAAAAAAAAAAAAAAAAAAAAAAAAAAAAFCT4, CAAAAAAAAAAAAAAAAAAAAAAAAAAAAAAAAAAAAAAAAAAAAAAAAAAAHK3M]]
   2: [Failed Diagnostic Event (not emitted)] contract:CAAAAAAAAAAAAAAAAAAAAAAAAAAAAAAAAAAAAAAAAAAAAAAAAAAAD2KM, topics:[error, Error(Auth, InvalidAction)], data:"caught error from function"
   3: [Failed Diagnostic Event (not emitted)] contract:CAAAAAAAAAAAAAAAAAAAAAAAAAAAAAAAAAAAAAAAAAAAAAAAAAAAD2KM, topics:[error, Error(Auth, InvalidAction)], data:"escalating error to panic"
   4: [Failed Diagnostic Event (not emitted)] contract:CAAAAAAAAAAAAAAAAAAAAAAAAAAAAAAAAAAAAAAAAAAAAAAAAAAAD2KM, topics:[error, Error(Auth, InvalidAction)], data:["Unauthorized function call for address", CAAAAAAAAAAAAAAAAAAAAAAAAAAAAAAAAAAAAAAAAAAAAAAAAAAAFCT4]
   5: [Failed Diagnostic Event (not emitted)] contract:CAAAAAAAAAAAAAAAAAAAAAAAAAAAAAAAAAAAAAAAAAAAAAAAAAAAFCT4, topics:[fn_return, __check_auth], data:Void
   6: [Failed Diagnostic Event (not emitted)] contract:CAAAAAAAAAAAAAAAAAAAAAAAAAAAAAAAAAAAAAAAAAAAAAAAAAAAD2KM, topics:[fn_call, CAAAAAAAAAAAAAAAAAAAAAAAAAAAAAAAAAAAAAAAAAAAAAAAAAAAFCT4, __check_auth], data:[Bytes(34b3d6b2f81120958a9504440f42fdd2e929707a1511d97ee0915eb6866010d7), Void, [[Contract, {args: [CAAAAAAAAAAAAAAAAAAAAAAAAAAAAAAAAAAAAAAAAAAAAAAAAAAAFCT4, CAAAAAAAAAAAAAAAAAAAAAAAAAAAAAAAAAAAAAAAAAAAAAAAAAAAHK3M], contract: CAAAAAAAAAAAAAAAAAAAAAAAAAAAAAAAAAAAAAAAAAAAAAAAAAAAD2KM, fn_name: initialize}]]]
   7: [Diagnostic Event] topics:[fn_call, CAAAAAAAAAAAAAAAAAAAAAAAAAAAAAAAAAAAAAAAAAAAAAAAAAAAD2KM, initialize], data:[CAAAAAAAAAAAAAAAAAAAAAAAAAAAAAAAAAAAAAAAAAAAAAAAAAAAFCT4, CAAAAAAAAAAAAAAAAAAAAAAAAAAAAAAAAAAAAAAAAAAAAAAAAAAAHK3M]

Writing test snapshot file for test "tests::test_get_implementation_not_initialized" to "test_snapshots\\tests\\test_get_implementation_not_initialized.1.json".
note: panic did not contain expected string
      panic message: "HostError: Error(Auth, InvalidAction)\n\nEvent log (newest first):\n   0: [Diagnostic Event] topics:[error, Error(Auth, InvalidAction)], data:\"escalating error to panic\"\n   1: [Diagnostic Event] topics:[error, Error(Auth, InvalidAction)], data:[\"contract call failed\", initialize, [CAAAAAAAAAAAAAAAAAAAAAAAAAAAAAAAAAAAAAAAAAAAAAAAAAAAFCT4, CAAAAAAAAAAAAAAAAAAAAAAAAAAAAAAAAAAAAAAAAAAAAAAAAAAAHK3M]]\n   2: [Failed Diagnostic Event (not emitted)] contract:CAAAAAAAAAAAAAAAAAAAAAAAAAAAAAAAAAAAAAAAAAAAAAAAAAAAD2KM, topics:[error, Error(Auth, InvalidAction)], data:\"caught error from function\"\n   3: [Failed Diagnostic Event (not emitted)] contract:CAAAAAAAAAAAAAAAAAAAAAAAAAAAAAAAAAAAAAAAAAAAAAAAAAAAD2KM, topics:[error, Error(Auth, InvalidAction)], data:\"escalating error to panic\"\n   4: [Failed Diagnostic Event (not emitted)] contract:CAAAAAAAAAAAAAAAAAAAAAAAAAAAAAAAAAAAAAAAAAAAAAAAAAAAD2KM, topics:[error, Error(Auth, InvalidAction)], data:[\"Unauthorized function call for address\", CAAAAAAAAAAAAAAAAAAAAAAAAAAAAAAAAAAAAAAAAAAAAAAAAAAAFCT4]\n   5: [Failed Diagnostic Event (not emitted)] contract:CAAAAAAAAAAAAAAAAAAAAAAAAAAAAAAAAAAAAAAAAAAAAAAAAAAAFCT4, topics:[fn_return, __check_auth], data:Void\n   6: [Failed Diagnostic Event (not emitted)] contract:CAAAAAAAAAAAAAAAAAAAAAAAAAAAAAAAAAAAAAAAAAAAAAAAAAAAD2KM, topics:[fn_call, CAAAAAAAAAAAAAAAAAAAAAAAAAAAAAAAAAAAAAAAAAAAAAAAAAAAFCT4, __check_auth], data:[Bytes(34b3d6b2f81120958a9504440f42fdd2e929707a1511d97ee0915eb6866010d7), Void, [[Contract, {args: [CAAAAAAAAAAAAAAAAAAAAAAAAAAAAAAAAAAAAAAAAAAAAAAAAAAAFCT4, CAAAAAAAAAAAAAAAAAAAAAAAAAAAAAAAAAAAAAAAAAAAAAAAAAAAHK3M], contract: CAAAAAAAAAAAAAAAAAAAAAAAAAAAAAAAAAAAAAAAAAAAAAAAAAAAD2KM, fn_name: initialize}]]]\n   7: [Diagnostic Event] topics:[fn_call, CAAAAAAAAAAAAAAAAAAAAAAAAAAAAAAAAAAAAAAAAAAAAAAAAAAAD2KM, initialize], data:[CAAAAAAAAAAAAAAAAAAAAAAAAAAAAAAAAAAAAAAAAAAAAAAAAAAAFCT4, CAAAAAAAAAAAAAAAAAAAAAAAAAAAAAAAAAAAAAAAAAAAAAAAAAAAHK3M]\n"
 expected substring: "HostError: Error(WasmVm, InvalidAction)"
---- tests::test_get_pending_upgrade stdout ----

thread 'tests::test_get_pending_upgrade' (16880) panicked at C:\Users\u-adamu\.cargo\registry\src\index.crates.io-1949cf8c6b5b557f\soroban-env-host-22.1.3\src\host.rs:847:9:
HostError: Error(Auth, InvalidAction)

Event log (newest first):
   0: [Diagnostic Event] topics:[error, Error(Auth, InvalidAction)], data:"escalating error to panic"
   1: [Diagnostic Event] topics:[error, Error(Auth, InvalidAction)], data:["contract call failed", initialize, [CAAAAAAAAAAAAAAAAAAAAAAAAAAAAAAAAAAAAAAAAAAAAAAAAAAAFCT4, CAAAAAAAAAAAAAAAAAAAAAAAAAAAAAAAAAAAAAAAAAAAAAAAAAAAHK3M]]
   2: [Failed Diagnostic Event (not emitted)] contract:CAAAAAAAAAAAAAAAAAAAAAAAAAAAAAAAAAAAAAAAAAAAAAAAAAAAD2KM, topics:[error, Error(Auth, InvalidAction)], data:"caught error from function"
   3: [Failed Diagnostic Event (not emitted)] contract:CAAAAAAAAAAAAAAAAAAAAAAAAAAAAAAAAAAAAAAAAAAAAAAAAAAAD2KM, topics:[error, Error(Auth, InvalidAction)], data:"escalating error to panic"
   4: [Failed Diagnostic Event (not emitted)] contract:CAAAAAAAAAAAAAAAAAAAAAAAAAAAAAAAAAAAAAAAAAAAAAAAAAAAD2KM, topics:[error, Error(Auth, InvalidAction)], data:["Unauthorized function call for address", CAAAAAAAAAAAAAAAAAAAAAAAAAAAAAAAAAAAAAAAAAAAAAAAAAAAFCT4]
   5: [Failed Diagnostic Event (not emitted)] contract:CAAAAAAAAAAAAAAAAAAAAAAAAAAAAAAAAAAAAAAAAAAAAAAAAAAAFCT4, topics:[fn_return, __check_auth], data:Void
   6: [Failed Diagnostic Event (not emitted)] contract:CAAAAAAAAAAAAAAAAAAAAAAAAAAAAAAAAAAAAAAAAAAAAAAAAAAAD2KM, topics:[fn_call, CAAAAAAAAAAAAAAAAAAAAAAAAAAAAAAAAAAAAAAAAAAAAAAAAAAAFCT4, __check_auth], data:[Bytes(34b3d6b2f81120958a9504440f42fdd2e929707a1511d97ee0915eb6866010d7), Void, [[Contract, {args: [CAAAAAAAAAAAAAAAAAAAAAAAAAAAAAAAAAAAAAAAAAAAAAAAAAAAFCT4, CAAAAAAAAAAAAAAAAAAAAAAAAAAAAAAAAAAAAAAAAAAAAAAAAAAAHK3M], contract: CAAAAAAAAAAAAAAAAAAAAAAAAAAAAAAAAAAAAAAAAAAAAAAAAAAAD2KM, fn_name: initialize}]]]
   7: [Diagnostic Event] topics:[fn_call, CAAAAAAAAAAAAAAAAAAAAAAAAAAAAAAAAAAAAAAAAAAAAAAAAAAAD2KM, initialize], data:[CAAAAAAAAAAAAAAAAAAAAAAAAAAAAAAAAAAAAAAAAAAAAAAAAAAAFCT4, CAAAAAAAAAAAAAAAAAAAAAAAAAAAAAAAAAAAAAAAAAAAAAAAAAAAHK3M]

Writing test snapshot file for test "tests::test_get_pending_upgrade" to "test_snapshots\\tests\\test_get_pending_upgrade.1.json".

---- tests::test_execute_upgrade_with_timelock stdout ----

thread 'tests::test_execute_upgrade_with_timelock' (27708) panicked at C:\Users\u-adamu\.cargo\registry\src\index.crates.io-1949cf8c6b5b557f\soroban-env-host-22.1.3\src\host.rs:847:9:
HostError: Error(Auth, InvalidAction)

Event log (newest first):
   0: [Diagnostic Event] topics:[error, Error(Auth, InvalidAction)], data:"escalating error to panic"
   1: [Diagnostic Event] topics:[error, Error(Auth, InvalidAction)], data:["contract call failed", initialize, [CAAAAAAAAAAAAAAAAAAAAAAAAAAAAAAAAAAAAAAAAAAAAAAAAAAAFCT4, CAAAAAAAAAAAAAAAAAAAAAAAAAAAAAAAAAAAAAAAAAAAAAAAAAAAHK3M]]
   2: [Failed Diagnostic Event (not emitted)] contract:CAAAAAAAAAAAAAAAAAAAAAAAAAAAAAAAAAAAAAAAAAAAAAAAAAAAD2KM, topics:[error, Error(Auth, InvalidAction)], data:"caught error from function"
   3: [Failed Diagnostic Event (not emitted)] contract:CAAAAAAAAAAAAAAAAAAAAAAAAAAAAAAAAAAAAAAAAAAAAAAAAAAAD2KM, topics:[error, Error(Auth, InvalidAction)], data:"escalating error to panic"
   4: [Failed Diagnostic Event (not emitted)] contract:CAAAAAAAAAAAAAAAAAAAAAAAAAAAAAAAAAAAAAAAAAAAAAAAAAAAD2KM, topics:[error, Error(Auth, InvalidAction)], data:["Unauthorized function call for address", CAAAAAAAAAAAAAAAAAAAAAAAAAAAAAAAAAAAAAAAAAAAAAAAAAAAFCT4]
   5: [Failed Diagnostic Event (not emitted)] contract:CAAAAAAAAAAAAAAAAAAAAAAAAAAAAAAAAAAAAAAAAAAAAAAAAAAAFCT4, topics:[fn_return, __check_auth], data:Void
   6: [Failed Diagnostic Event (not emitted)] contract:CAAAAAAAAAAAAAAAAAAAAAAAAAAAAAAAAAAAAAAAAAAAAAAAAAAAD2KM, topics:[fn_call, CAAAAAAAAAAAAAAAAAAAAAAAAAAAAAAAAAAAAAAAAAAAAAAAAAAAFCT4, __check_auth], data:[Bytes(34b3d6b2f81120958a9504440f42fdd2e929707a1511d97ee0915eb6866010d7), Void, [[Contract, {args: [CAAAAAAAAAAAAAAAAAAAAAAAAAAAAAAAAAAAAAAAAAAAAAAAAAAAFCT4, CAAAAAAAAAAAAAAAAAAAAAAAAAAAAAAAAAAAAAAAAAAAAAAAAAAAHK3M], contract: CAAAAAAAAAAAAAAAAAAAAAAAAAAAAAAAAAAAAAAAAAAAAAAAAAAAD2KM, fn_name: initialize}]]]
   7: [Diagnostic Event] topics:[fn_call, CAAAAAAAAAAAAAAAAAAAAAAAAAAAAAAAAAAAAAAAAAAAAAAAAAAAD2KM, initialize], data:[CAAAAAAAAAAAAAAAAAAAAAAAAAAAAAAAAAAAAAAAAAAAAAAAAAAAFCT4, CAAAAAAAAAAAAAAAAAAAAAAAAAAAAAAAAAAAAAAAAAAAAAAAAAAAHK3M]

Writing test snapshot file for test "tests::test_execute_upgrade_with_timelock" to "test_snapshots\\tests\\test_execute_upgrade_with_timelock.1.json".

---- tests::test_get_upgrade_timelock stdout ----

thread 'tests::test_get_upgrade_timelock' (8528) panicked at C:\Users\u-adamu\.cargo\registry\src\index.crates.io-1949cf8c6b5b557f\soroban-env-host-22.1.3\src\host.rs:847:9:
HostError: Error(Auth, InvalidAction)

Event log (newest first):
   0: [Diagnostic Event] topics:[error, Error(Auth, InvalidAction)], data:"escalating error to panic"
   1: [Diagnostic Event] topics:[error, Error(Auth, InvalidAction)], data:["contract call failed", initialize, [CAAAAAAAAAAAAAAAAAAAAAAAAAAAAAAAAAAAAAAAAAAAAAAAAAAAFCT4, CAAAAAAAAAAAAAAAAAAAAAAAAAAAAAAAAAAAAAAAAAAAAAAAAAAAHK3M]]
   2: [Failed Diagnostic Event (not emitted)] contract:CAAAAAAAAAAAAAAAAAAAAAAAAAAAAAAAAAAAAAAAAAAAAAAAAAAAD2KM, topics:[error, Error(Auth, InvalidAction)], data:"caught error from function"
   3: [Failed Diagnostic Event (not emitted)] contract:CAAAAAAAAAAAAAAAAAAAAAAAAAAAAAAAAAAAAAAAAAAAAAAAAAAAD2KM, topics:[error, Error(Auth, InvalidAction)], data:"escalating error to panic"
   4: [Failed Diagnostic Event (not emitted)] contract:CAAAAAAAAAAAAAAAAAAAAAAAAAAAAAAAAAAAAAAAAAAAAAAAAAAAD2KM, topics:[error, Error(Auth, InvalidAction)], data:["Unauthorized function call for address", CAAAAAAAAAAAAAAAAAAAAAAAAAAAAAAAAAAAAAAAAAAAAAAAAAAAFCT4]
   5: [Failed Diagnostic Event (not emitted)] contract:CAAAAAAAAAAAAAAAAAAAAAAAAAAAAAAAAAAAAAAAAAAAAAAAAAAAFCT4, topics:[fn_return, __check_auth], data:Void
   6: [Failed Diagnostic Event (not emitted)] contract:CAAAAAAAAAAAAAAAAAAAAAAAAAAAAAAAAAAAAAAAAAAAAAAAAAAAD2KM, topics:[fn_call, CAAAAAAAAAAAAAAAAAAAAAAAAAAAAAAAAAAAAAAAAAAAAAAAAAAAFCT4, __check_auth], data:[Bytes(34b3d6b2f81120958a9504440f42fdd2e929707a1511d97ee0915eb6866010d7), Void, [[Contract, {args: [CAAAAAAAAAAAAAAAAAAAAAAAAAAAAAAAAAAAAAAAAAAAAAAAAAAAFCT4, CAAAAAAAAAAAAAAAAAAAAAAAAAAAAAAAAAAAAAAAAAAAAAAAAAAAHK3M], contract: CAAAAAAAAAAAAAAAAAAAAAAAAAAAAAAAAAAAAAAAAAAAAAAAAAAAD2KM, fn_name: initialize}]]]
   7: [Diagnostic Event] topics:[fn_call, CAAAAAAAAAAAAAAAAAAAAAAAAAAAAAAAAAAAAAAAAAAAAAAAAAAAD2KM, initialize], data:[CAAAAAAAAAAAAAAAAAAAAAAAAAAAAAAAAAAAAAAAAAAAAAAAAAAAFCT4, CAAAAAAAAAAAAAAAAAAAAAAAAAAAAAAAAAAAAAAAAAAAAAAAAAAAHK3M]

Writing test snapshot file for test "tests::test_get_upgrade_timelock" to "test_snapshots\\tests\\test_get_upgrade_timelock.1.json".

---- tests::test_implementation_address_validation stdout ----

thread 'tests::test_implementation_address_validation' (23316) panicked at C:\Users\u-adamu\.cargo\registry\src\index.crates.io-1949cf8c6b5b557f\soroban-env-host-22.1.3\src\host.rs:847:9:
HostError: Error(Auth, InvalidAction)

Event log (newest first):
   0: [Diagnostic Event] topics:[error, Error(Auth, InvalidAction)], data:"escalating error to panic"
   1: [Diagnostic Event] topics:[error, Error(Auth, InvalidAction)], data:["contract call failed", initialize, [CAAAAAAAAAAAAAAAAAAAAAAAAAAAAAAAAAAAAAAAAAAAAAAAAAAAFCT4, CAAAAAAAAAAAAAAAAAAAAAAAAAAAAAAAAAAAAAAAAAAAAAAAAAAAHK3M]]
   2: [Failed Diagnostic Event (not emitted)] contract:CAAAAAAAAAAAAAAAAAAAAAAAAAAAAAAAAAAAAAAAAAAAAAAAAAAAD2KM, topics:[error, Error(Auth, InvalidAction)], data:"caught error from function"
   3: [Failed Diagnostic Event (not emitted)] contract:CAAAAAAAAAAAAAAAAAAAAAAAAAAAAAAAAAAAAAAAAAAAAAAAAAAAD2KM, topics:[error, Error(Auth, InvalidAction)], data:"escalating error to panic"
   4: [Failed Diagnostic Event (not emitted)] contract:CAAAAAAAAAAAAAAAAAAAAAAAAAAAAAAAAAAAAAAAAAAAAAAAAAAAD2KM, topics:[error, Error(Auth, InvalidAction)], data:["Unauthorized function call for address", CAAAAAAAAAAAAAAAAAAAAAAAAAAAAAAAAAAAAAAAAAAAAAAAAAAAFCT4]
   5: [Failed Diagnostic Event (not emitted)] contract:CAAAAAAAAAAAAAAAAAAAAAAAAAAAAAAAAAAAAAAAAAAAAAAAAAAAFCT4, topics:[fn_return, __check_auth], data:Void
   6: [Failed Diagnostic Event (not emitted)] contract:CAAAAAAAAAAAAAAAAAAAAAAAAAAAAAAAAAAAAAAAAAAAAAAAAAAAD2KM, topics:[fn_call, CAAAAAAAAAAAAAAAAAAAAAAAAAAAAAAAAAAAAAAAAAAAAAAAAAAAFCT4, __check_auth], data:[Bytes(34b3d6b2f81120958a9504440f42fdd2e929707a1511d97ee0915eb6866010d7), Void, [[Contract, {args: [CAAAAAAAAAAAAAAAAAAAAAAAAAAAAAAAAAAAAAAAAAAAAAAAAAAAFCT4, CAAAAAAAAAAAAAAAAAAAAAAAAAAAAAAAAAAAAAAAAAAAAAAAAAAAHK3M], contract: CAAAAAAAAAAAAAAAAAAAAAAAAAAAAAAAAAAAAAAAAAAAAAAAAAAAD2KM, fn_name: initialize}]]]
   7: [Diagnostic Event] topics:[fn_call, CAAAAAAAAAAAAAAAAAAAAAAAAAAAAAAAAAAAAAAAAAAAAAAAAAAAD2KM, initialize], data:[CAAAAAAAAAAAAAAAAAAAAAAAAAAAAAAAAAAAAAAAAAAAAAAAAAAAFCT4, CAAAAAAAAAAAAAAAAAAAAAAAAAAAAAAAAAAAAAAAAAAAAAAAAAAAHK3M]

Writing test snapshot file for test "tests::test_implementation_address_validation" to "test_snapshots\\tests\\test_implementation_address_validation.1.json".

---- tests::test_initialize stdout ----

thread 'tests::test_initialize' (18300) panicked at C:\Users\u-adamu\.cargo\registry\src\index.crates.io-1949cf8c6b5b557f\soroban-env-host-22.1.3\src\host.rs:847:9:
HostError: Error(Auth, InvalidAction)

Event log (newest first):
   0: [Diagnostic Event] topics:[error, Error(Auth, InvalidAction)], data:"escalating error to panic"
   1: [Diagnostic Event] topics:[error, Error(Auth, InvalidAction)], data:["contract call failed", initialize, [CAAAAAAAAAAAAAAAAAAAAAAAAAAAAAAAAAAAAAAAAAAAAAAAAAAAFCT4, CAAAAAAAAAAAAAAAAAAAAAAAAAAAAAAAAAAAAAAAAAAAAAAAAAAAHK3M]]
   2: [Failed Diagnostic Event (not emitted)] contract:CAAAAAAAAAAAAAAAAAAAAAAAAAAAAAAAAAAAAAAAAAAAAAAAAAAAD2KM, topics:[error, Error(Auth, InvalidAction)], data:"caught error from function"
   3: [Failed Diagnostic Event (not emitted)] contract:CAAAAAAAAAAAAAAAAAAAAAAAAAAAAAAAAAAAAAAAAAAAAAAAAAAAD2KM, topics:[error, Error(Auth, InvalidAction)], data:"escalating error to panic"
   4: [Failed Diagnostic Event (not emitted)] contract:CAAAAAAAAAAAAAAAAAAAAAAAAAAAAAAAAAAAAAAAAAAAAAAAAAAAD2KM, topics:[error, Error(Auth, InvalidAction)], data:["Unauthorized function call for address", CAAAAAAAAAAAAAAAAAAAAAAAAAAAAAAAAAAAAAAAAAAAAAAAAAAAFCT4]
   5: [Failed Diagnostic Event (not emitted)] contract:CAAAAAAAAAAAAAAAAAAAAAAAAAAAAAAAAAAAAAAAAAAAAAAAAAAAFCT4, topics:[fn_return, __check_auth], data:Void
   6: [Failed Diagnostic Event (not emitted)] contract:CAAAAAAAAAAAAAAAAAAAAAAAAAAAAAAAAAAAAAAAAAAAAAAAAAAAD2KM, topics:[fn_call, CAAAAAAAAAAAAAAAAAAAAAAAAAAAAAAAAAAAAAAAAAAAAAAAAAAAFCT4, __check_auth], data:[Bytes(34b3d6b2f81120958a9504440f42fdd2e929707a1511d97ee0915eb6866010d7), Void, [[Contract, {args: [CAAAAAAAAAAAAAAAAAAAAAAAAAAAAAAAAAAAAAAAAAAAAAAAAAAAFCT4, CAAAAAAAAAAAAAAAAAAAAAAAAAAAAAAAAAAAAAAAAAAAAAAAAAAAHK3M], contract: CAAAAAAAAAAAAAAAAAAAAAAAAAAAAAAAAAAAAAAAAAAAAAAAAAAAD2KM, fn_name: initialize}]]]
   7: [Diagnostic Event] topics:[fn_call, CAAAAAAAAAAAAAAAAAAAAAAAAAAAAAAAAAAAAAAAAAAAAAAAAAAAD2KM, initialize], data:[CAAAAAAAAAAAAAAAAAAAAAAAAAAAAAAAAAAAAAAAAAAAAAAAAAAAFCT4, CAAAAAAAAAAAAAAAAAAAAAAAAAAAAAAAAAAAAAAAAAAAAAAAAAAAHK3M]

Writing test snapshot file for test "tests::test_initialize" to "test_snapshots\\tests\\test_initialize.1.json".

---- tests::test_initialization_sets_all_fields_correctly stdout ----

thread 'tests::test_initialization_sets_all_fields_correctly' (14012) panicked at C:\Users\u-adamu\.cargo\registry\src\index.crates.io-1949cf8c6b5b557f\soroban-env-host-22.1.3\src\host.rs:847:9:
HostError: Error(Auth, InvalidAction)

Event log (newest first):
   0: [Diagnostic Event] topics:[error, Error(Auth, InvalidAction)], data:"escalating error to panic"
   1: [Diagnostic Event] topics:[error, Error(Auth, InvalidAction)], data:["contract call failed", initialize, [CAAAAAAAAAAAAAAAAAAAAAAAAAAAAAAAAAAAAAAAAAAAAAAAAAAAFCT4, CAAAAAAAAAAAAAAAAAAAAAAAAAAAAAAAAAAAAAAAAAAAAAAAAAAAHK3M]]
   2: [Failed Diagnostic Event (not emitted)] contract:CAAAAAAAAAAAAAAAAAAAAAAAAAAAAAAAAAAAAAAAAAAAAAAAAAAAD2KM, topics:[error, Error(Auth, InvalidAction)], data:"caught error from function"
   3: [Failed Diagnostic Event (not emitted)] contract:CAAAAAAAAAAAAAAAAAAAAAAAAAAAAAAAAAAAAAAAAAAAAAAAAAAAD2KM, topics:[error, Error(Auth, InvalidAction)], data:"escalating error to panic"
   4: [Failed Diagnostic Event (not emitted)] contract:CAAAAAAAAAAAAAAAAAAAAAAAAAAAAAAAAAAAAAAAAAAAAAAAAAAAD2KM, topics:[error, Error(Auth, InvalidAction)], data:["Unauthorized function call for address", CAAAAAAAAAAAAAAAAAAAAAAAAAAAAAAAAAAAAAAAAAAAAAAAAAAAFCT4]
   5: [Failed Diagnostic Event (not emitted)] contract:CAAAAAAAAAAAAAAAAAAAAAAAAAAAAAAAAAAAAAAAAAAAAAAAAAAAFCT4, topics:[fn_return, __check_auth], data:Void
   6: [Failed Diagnostic Event (not emitted)] contract:CAAAAAAAAAAAAAAAAAAAAAAAAAAAAAAAAAAAAAAAAAAAAAAAAAAAD2KM, topics:[fn_call, CAAAAAAAAAAAAAAAAAAAAAAAAAAAAAAAAAAAAAAAAAAAAAAAAAAAFCT4, __check_auth], data:[Bytes(34b3d6b2f81120958a9504440f42fdd2e929707a1511d97ee0915eb6866010d7), Void, [[Contract, {args: [CAAAAAAAAAAAAAAAAAAAAAAAAAAAAAAAAAAAAAAAAAAAAAAAAAAAFCT4, CAAAAAAAAAAAAAAAAAAAAAAAAAAAAAAAAAAAAAAAAAAAAAAAAAAAHK3M], contract: CAAAAAAAAAAAAAAAAAAAAAAAAAAAAAAAAAAAAAAAAAAAAAAAAAAAD2KM, fn_name: initialize}]]]
   7: [Diagnostic Event] topics:[fn_call, CAAAAAAAAAAAAAAAAAAAAAAAAAAAAAAAAAAAAAAAAAAAAAAAAAAAD2KM, initialize], data:[CAAAAAAAAAAAAAAAAAAAAAAAAAAAAAAAAAAAAAAAAAAAAAAAAAAAFCT4, CAAAAAAAAAAAAAAAAAAAAAAAAAAAAAAAAAAAAAAAAAAAAAAAAAAAHK3M]

Writing test snapshot file for test "tests::test_initialization_sets_all_fields_correctly" to "test_snapshots\\tests\\test_initialization_sets_all_fields_correctly.1.json".

---- tests::test_multiple_upgrades_and_rollbacks stdout ----

thread 'tests::test_multiple_upgrades_and_rollbacks' (21124) panicked at C:\Users\u-adamu\.cargo\registry\src\index.crates.io-1949cf8c6b5b557f\soroban-env-host-22.1.3\src\host.rs:847:9:
HostError: Error(Auth, InvalidAction)

Event log (newest first):
   0: [Diagnostic Event] topics:[error, Error(Auth, InvalidAction)], data:"escalating error to panic"
   1: [Diagnostic Event] topics:[error, Error(Auth, InvalidAction)], data:["contract call failed", initialize, [CAAAAAAAAAAAAAAAAAAAAAAAAAAAAAAAAAAAAAAAAAAAAAAAAAAAFCT4, CAAAAAAAAAAAAAAAAAAAAAAAAAAAAAAAAAAAAAAAAAAAAAAAAAAAHK3M]]
   2: [Failed Diagnostic Event (not emitted)] contract:CAAAAAAAAAAAAAAAAAAAAAAAAAAAAAAAAAAAAAAAAAAAAAAAAAAAD2KM, topics:[error, Error(Auth, InvalidAction)], data:"caught error from function"
   3: [Failed Diagnostic Event (not emitted)] contract:CAAAAAAAAAAAAAAAAAAAAAAAAAAAAAAAAAAAAAAAAAAAAAAAAAAAD2KM, topics:[error, Error(Auth, InvalidAction)], data:"escalating error to panic"
   4: [Failed Diagnostic Event (not emitted)] contract:CAAAAAAAAAAAAAAAAAAAAAAAAAAAAAAAAAAAAAAAAAAAAAAAAAAAD2KM, topics:[error, Error(Auth, InvalidAction)], data:["Unauthorized function call for address", CAAAAAAAAAAAAAAAAAAAAAAAAAAAAAAAAAAAAAAAAAAAAAAAAAAAFCT4]
   5: [Failed Diagnostic Event (not emitted)] contract:CAAAAAAAAAAAAAAAAAAAAAAAAAAAAAAAAAAAAAAAAAAAAAAAAAAAFCT4, topics:[fn_return, __check_auth], data:Void
   6: [Failed Diagnostic Event (not emitted)] contract:CAAAAAAAAAAAAAAAAAAAAAAAAAAAAAAAAAAAAAAAAAAAAAAAAAAAD2KM, topics:[fn_call, CAAAAAAAAAAAAAAAAAAAAAAAAAAAAAAAAAAAAAAAAAAAAAAAAAAAFCT4, __check_auth], data:[Bytes(34b3d6b2f81120958a9504440f42fdd2e929707a1511d97ee0915eb6866010d7), Void, [[Contract, {args: [CAAAAAAAAAAAAAAAAAAAAAAAAAAAAAAAAAAAAAAAAAAAAAAAAAAAFCT4, CAAAAAAAAAAAAAAAAAAAAAAAAAAAAAAAAAAAAAAAAAAAAAAAAAAAHK3M], contract: CAAAAAAAAAAAAAAAAAAAAAAAAAAAAAAAAAAAAAAAAAAAAAAAAAAAD2KM, fn_name: initialize}]]]
   7: [Diagnostic Event] topics:[fn_call, CAAAAAAAAAAAAAAAAAAAAAAAAAAAAAAAAAAAAAAAAAAAAAAAAAAAD2KM, initialize], data:[CAAAAAAAAAAAAAAAAAAAAAAAAAAAAAAAAAAAAAAAAAAAAAAAAAAAFCT4, CAAAAAAAAAAAAAAAAAAAAAAAAAAAAAAAAAAAAAAAAAAAAAAAAAAAHK3M]

Writing test snapshot file for test "tests::test_multiple_upgrades_and_rollbacks" to "test_snapshots\\tests\\test_multiple_upgrades_and_rollbacks.1.json".

---- tests::test_propose_upgrade stdout ----

thread 'tests::test_propose_upgrade' (4312) panicked at C:\Users\u-adamu\.cargo\registry\src\index.crates.io-1949cf8c6b5b557f\soroban-env-host-22.1.3\src\host.rs:847:9:
HostError: Error(Auth, InvalidAction)

Event log (newest first):
   0: [Diagnostic Event] topics:[error, Error(Auth, InvalidAction)], data:"escalating error to panic"
   1: [Diagnostic Event] topics:[error, Error(Auth, InvalidAction)], data:["contract call failed", initialize, [CAAAAAAAAAAAAAAAAAAAAAAAAAAAAAAAAAAAAAAAAAAAAAAAAAAAFCT4, CAAAAAAAAAAAAAAAAAAAAAAAAAAAAAAAAAAAAAAAAAAAAAAAAAAAHK3M]]
   2: [Failed Diagnostic Event (not emitted)] contract:CAAAAAAAAAAAAAAAAAAAAAAAAAAAAAAAAAAAAAAAAAAAAAAAAAAAD2KM, topics:[error, Error(Auth, InvalidAction)], data:"caught error from function"
   3: [Failed Diagnostic Event (not emitted)] contract:CAAAAAAAAAAAAAAAAAAAAAAAAAAAAAAAAAAAAAAAAAAAAAAAAAAAD2KM, topics:[error, Error(Auth, InvalidAction)], data:"escalating error to panic"
   4: [Failed Diagnostic Event (not emitted)] contract:CAAAAAAAAAAAAAAAAAAAAAAAAAAAAAAAAAAAAAAAAAAAAAAAAAAAD2KM, topics:[error, Error(Auth, InvalidAction)], data:["Unauthorized function call for address", CAAAAAAAAAAAAAAAAAAAAAAAAAAAAAAAAAAAAAAAAAAAAAAAAAAAFCT4]
   5: [Failed Diagnostic Event (not emitted)] contract:CAAAAAAAAAAAAAAAAAAAAAAAAAAAAAAAAAAAAAAAAAAAAAAAAAAAFCT4, topics:[fn_return, __check_auth], data:Void
   6: [Failed Diagnostic Event (not emitted)] contract:CAAAAAAAAAAAAAAAAAAAAAAAAAAAAAAAAAAAAAAAAAAAAAAAAAAAD2KM, topics:[fn_call, CAAAAAAAAAAAAAAAAAAAAAAAAAAAAAAAAAAAAAAAAAAAAAAAAAAAFCT4, __check_auth], data:[Bytes(34b3d6b2f81120958a9504440f42fdd2e929707a1511d97ee0915eb6866010d7), Void, [[Contract, {args: [CAAAAAAAAAAAAAAAAAAAAAAAAAAAAAAAAAAAAAAAAAAAAAAAAAAAFCT4, CAAAAAAAAAAAAAAAAAAAAAAAAAAAAAAAAAAAAAAAAAAAAAAAAAAAHK3M], contract: CAAAAAAAAAAAAAAAAAAAAAAAAAAAAAAAAAAAAAAAAAAAAAAAAAAAD2KM, fn_name: initialize}]]]
   7: [Diagnostic Event] topics:[fn_call, CAAAAAAAAAAAAAAAAAAAAAAAAAAAAAAAAAAAAAAAAAAAAAAAAAAAD2KM, initialize], data:[CAAAAAAAAAAAAAAAAAAAAAAAAAAAAAAAAAAAAAAAAAAAAAAAAAAAFCT4, CAAAAAAAAAAAAAAAAAAAAAAAAAAAAAAAAAAAAAAAAAAAAAAAAAAAHK3M]

Writing test snapshot file for test "tests::test_propose_upgrade" to "test_snapshots\\tests\\test_propose_upgrade.1.json".

---- tests::test_rollback stdout ----

thread 'tests::test_rollback' (14340) panicked at C:\Users\u-adamu\.cargo\registry\src\index.crates.io-1949cf8c6b5b557f\soroban-env-host-22.1.3\src\host.rs:847:9:
HostError: Error(Auth, InvalidAction)

Event log (newest first):
   0: [Diagnostic Event] topics:[error, Error(Auth, InvalidAction)], data:"escalating error to panic"
   1: [Diagnostic Event] topics:[error, Error(Auth, InvalidAction)], data:["contract call failed", initialize, [CAAAAAAAAAAAAAAAAAAAAAAAAAAAAAAAAAAAAAAAAAAAAAAAAAAAFCT4, CAAAAAAAAAAAAAAAAAAAAAAAAAAAAAAAAAAAAAAAAAAAAAAAAAAAHK3M]]
   2: [Failed Diagnostic Event (not emitted)] contract:CAAAAAAAAAAAAAAAAAAAAAAAAAAAAAAAAAAAAAAAAAAAAAAAAAAAD2KM, topics:[error, Error(Auth, InvalidAction)], data:"caught error from function"
   3: [Failed Diagnostic Event (not emitted)] contract:CAAAAAAAAAAAAAAAAAAAAAAAAAAAAAAAAAAAAAAAAAAAAAAAAAAAD2KM, topics:[error, Error(Auth, InvalidAction)], data:"escalating error to panic"
   4: [Failed Diagnostic Event (not emitted)] contract:CAAAAAAAAAAAAAAAAAAAAAAAAAAAAAAAAAAAAAAAAAAAAAAAAAAAD2KM, topics:[error, Error(Auth, InvalidAction)], data:["Unauthorized function call for address", CAAAAAAAAAAAAAAAAAAAAAAAAAAAAAAAAAAAAAAAAAAAAAAAAAAAFCT4]
   5: [Failed Diagnostic Event (not emitted)] contract:CAAAAAAAAAAAAAAAAAAAAAAAAAAAAAAAAAAAAAAAAAAAAAAAAAAAFCT4, topics:[fn_return, __check_auth], data:Void
   6: [Failed Diagnostic Event (not emitted)] contract:CAAAAAAAAAAAAAAAAAAAAAAAAAAAAAAAAAAAAAAAAAAAAAAAAAAAD2KM, topics:[fn_call, CAAAAAAAAAAAAAAAAAAAAAAAAAAAAAAAAAAAAAAAAAAAAAAAAAAAFCT4, __check_auth], data:[Bytes(34b3d6b2f81120958a9504440f42fdd2e929707a1511d97ee0915eb6866010d7), Void, [[Contract, {args: [CAAAAAAAAAAAAAAAAAAAAAAAAAAAAAAAAAAAAAAAAAAAAAAAAAAAFCT4, CAAAAAAAAAAAAAAAAAAAAAAAAAAAAAAAAAAAAAAAAAAAAAAAAAAAHK3M], contract: CAAAAAAAAAAAAAAAAAAAAAAAAAAAAAAAAAAAAAAAAAAAAAAAAAAAD2KM, fn_name: initialize}]]]
   7: [Diagnostic Event] topics:[fn_call, CAAAAAAAAAAAAAAAAAAAAAAAAAAAAAAAAAAAAAAAAAAAAAAAAAAAD2KM, initialize], data:[CAAAAAAAAAAAAAAAAAAAAAAAAAAAAAAAAAAAAAAAAAAAAAAAAAAAFCT4, CAAAAAAAAAAAAAAAAAAAAAAAAAAAAAAAAAAAAAAAAAAAAAAAAAAAHK3M]

Writing test snapshot file for test "tests::test_rollback" to "test_snapshots\\tests\\test_rollback.1.json".

---- tests::test_rollback_not_initialized stdout ----

thread 'tests::test_rollback_not_initialized' (28252) panicked at C:\Users\u-adamu\.cargo\registry\src\index.crates.io-1949cf8c6b5b557f\soroban-env-host-22.1.3\src\host.rs:847:9:
HostError: Error(Auth, InvalidAction)

Event log (newest first):
   0: [Diagnostic Event] topics:[error, Error(Auth, InvalidAction)], data:"escalating error to panic"
   1: [Diagnostic Event] topics:[error, Error(Auth, InvalidAction)], data:["contract call failed", initialize, [CAAAAAAAAAAAAAAAAAAAAAAAAAAAAAAAAAAAAAAAAAAAAAAAAAAAFCT4, CAAAAAAAAAAAAAAAAAAAAAAAAAAAAAAAAAAAAAAAAAAAAAAAAAAAHK3M]]
   2: [Failed Diagnostic Event (not emitted)] contract:CAAAAAAAAAAAAAAAAAAAAAAAAAAAAAAAAAAAAAAAAAAAAAAAAAAAD2KM, topics:[error, Error(Auth, InvalidAction)], data:"caught error from function"
   3: [Failed Diagnostic Event (not emitted)] contract:CAAAAAAAAAAAAAAAAAAAAAAAAAAAAAAAAAAAAAAAAAAAAAAAAAAAD2KM, topics:[error, Error(Auth, InvalidAction)], data:"escalating error to panic"
   4: [Failed Diagnostic Event (not emitted)] contract:CAAAAAAAAAAAAAAAAAAAAAAAAAAAAAAAAAAAAAAAAAAAAAAAAAAAD2KM, topics:[error, Error(Auth, InvalidAction)], data:["Unauthorized function call for address", CAAAAAAAAAAAAAAAAAAAAAAAAAAAAAAAAAAAAAAAAAAAAAAAAAAAFCT4]
   5: [Failed Diagnostic Event (not emitted)] contract:CAAAAAAAAAAAAAAAAAAAAAAAAAAAAAAAAAAAAAAAAAAAAAAAAAAAFCT4, topics:[fn_return, __check_auth], data:Void
   6: [Failed Diagnostic Event (not emitted)] contract:CAAAAAAAAAAAAAAAAAAAAAAAAAAAAAAAAAAAAAAAAAAAAAAAAAAAD2KM, topics:[fn_call, CAAAAAAAAAAAAAAAAAAAAAAAAAAAAAAAAAAAAAAAAAAAAAAAAAAAFCT4, __check_auth], data:[Bytes(34b3d6b2f81120958a9504440f42fdd2e929707a1511d97ee0915eb6866010d7), Void, [[Contract, {args: [CAAAAAAAAAAAAAAAAAAAAAAAAAAAAAAAAAAAAAAAAAAAAAAAAAAAFCT4, CAAAAAAAAAAAAAAAAAAAAAAAAAAAAAAAAAAAAAAAAAAAAAAAAAAAHK3M], contract: CAAAAAAAAAAAAAAAAAAAAAAAAAAAAAAAAAAAAAAAAAAAAAAAAAAAD2KM, fn_name: initialize}]]]
   7: [Diagnostic Event] topics:[fn_call, CAAAAAAAAAAAAAAAAAAAAAAAAAAAAAAAAAAAAAAAAAAAAAAAAAAAD2KM, initialize], data:[CAAAAAAAAAAAAAAAAAAAAAAAAAAAAAAAAAAAAAAAAAAAAAAAAAAAFCT4, CAAAAAAAAAAAAAAAAAAAAAAAAAAAAAAAAAAAAAAAAAAAAAAAAAAAHK3M]

Writing test snapshot file for test "tests::test_rollback_not_initialized" to "test_snapshots\\tests\\test_rollback_not_initialized.1.json".
note: panic did not contain expected string
      panic message: "HostError: Error(Auth, InvalidAction)\n\nEvent log (newest first):\n   0: [Diagnostic Event] topics:[error, Error(Auth, InvalidAction)], data:\"escalating error to panic\"\n   1: [Diagnostic Event] topics:[error, Error(Auth, InvalidAction)], data:[\"contract call failed\", initialize, [CAAAAAAAAAAAAAAAAAAAAAAAAAAAAAAAAAAAAAAAAAAAAAAAAAAAFCT4, CAAAAAAAAAAAAAAAAAAAAAAAAAAAAAAAAAAAAAAAAAAAAAAAAAAAHK3M]]\n   2: [Failed Diagnostic Event (not emitted)] contract:CAAAAAAAAAAAAAAAAAAAAAAAAAAAAAAAAAAAAAAAAAAAAAAAAAAAD2KM, topics:[error, Error(Auth, InvalidAction)], data:\"caught error from function\"\n   3: [Failed Diagnostic Event (not emitted)] contract:CAAAAAAAAAAAAAAAAAAAAAAAAAAAAAAAAAAAAAAAAAAAAAAAAAAAD2KM, topics:[error, Error(Auth, InvalidAction)], data:\"escalating error to panic\"\n   4: [Failed Diagnostic Event (not emitted)] contract:CAAAAAAAAAAAAAAAAAAAAAAAAAAAAAAAAAAAAAAAAAAAAAAAAAAAD2KM, topics:[error, Error(Auth, InvalidAction)], data:[\"Unauthorized function call for address\", CAAAAAAAAAAAAAAAAAAAAAAAAAAAAAAAAAAAAAAAAAAAAAAAAAAAFCT4]\n   5: [Failed Diagnostic Event (not emitted)] contract:CAAAAAAAAAAAAAAAAAAAAAAAAAAAAAAAAAAAAAAAAAAAAAAAAAAAFCT4, topics:[fn_return, __check_auth], data:Void\n   6: [Failed Diagnostic Event (not emitted)] contract:CAAAAAAAAAAAAAAAAAAAAAAAAAAAAAAAAAAAAAAAAAAAAAAAAAAAD2KM, topics:[fn_call, CAAAAAAAAAAAAAAAAAAAAAAAAAAAAAAAAAAAAAAAAAAAAAAAAAAAFCT4, __check_auth], data:[Bytes(34b3d6b2f81120958a9504440f42fdd2e929707a1511d97ee0915eb6866010d7), Void, [[Contract, {args: [CAAAAAAAAAAAAAAAAAAAAAAAAAAAAAAAAAAAAAAAAAAAAAAAAAAAFCT4, CAAAAAAAAAAAAAAAAAAAAAAAAAAAAAAAAAAAAAAAAAAAAAAAAAAAHK3M], contract: CAAAAAAAAAAAAAAAAAAAAAAAAAAAAAAAAAAAAAAAAAAAAAAAAAAAD2KM, fn_name: initialize}]]]\n   7: [Diagnostic Event] topics:[fn_call, CAAAAAAAAAAAAAAAAAAAAAAAAAAAAAAAAAAAAAAAAAAAAAAAAAAAD2KM, initialize], data:[CAAAAAAAAAAAAAAAAAAAAAAAAAAAAAAAAAAAAAAAAAAAAAAAAAAAFCT4, CAAAAAAAAAAAAAAAAAAAAAAAAAAAAAAAAAAAAAAAAAAAAAAAAAAAHK3M]\n"
 expected substring: "HostError: Error(WasmVm, InvalidAction)"
---- tests::test_rollback_stack_integrity stdout ----

thread 'tests::test_rollback_stack_integrity' (16920) panicked at C:\Users\u-adamu\.cargo\registry\src\index.crates.io-1949cf8c6b5b557f\soroban-env-host-22.1.3\src\host.rs:847:9:
HostError: Error(Auth, InvalidAction)

Event log (newest first):
   0: [Diagnostic Event] topics:[error, Error(Auth, InvalidAction)], data:"escalating error to panic"
   1: [Diagnostic Event] topics:[error, Error(Auth, InvalidAction)], data:["contract call failed", initialize, [CAAAAAAAAAAAAAAAAAAAAAAAAAAAAAAAAAAAAAAAAAAAAAAAAAAAFCT4, CAAAAAAAAAAAAAAAAAAAAAAAAAAAAAAAAAAAAAAAAAAAAAAAAAAAHK3M]]
   2: [Failed Diagnostic Event (not emitted)] contract:CAAAAAAAAAAAAAAAAAAAAAAAAAAAAAAAAAAAAAAAAAAAAAAAAAAAD2KM, topics:[error, Error(Auth, InvalidAction)], data:"caught error from function"
   3: [Failed Diagnostic Event (not emitted)] contract:CAAAAAAAAAAAAAAAAAAAAAAAAAAAAAAAAAAAAAAAAAAAAAAAAAAAD2KM, topics:[error, Error(Auth, InvalidAction)], data:"escalating error to panic"
   4: [Failed Diagnostic Event (not emitted)] contract:CAAAAAAAAAAAAAAAAAAAAAAAAAAAAAAAAAAAAAAAAAAAAAAAAAAAD2KM, topics:[error, Error(Auth, InvalidAction)], data:["Unauthorized function call for address", CAAAAAAAAAAAAAAAAAAAAAAAAAAAAAAAAAAAAAAAAAAAAAAAAAAAFCT4]
   5: [Failed Diagnostic Event (not emitted)] contract:CAAAAAAAAAAAAAAAAAAAAAAAAAAAAAAAAAAAAAAAAAAAAAAAAAAAFCT4, topics:[fn_return, __check_auth], data:Void
   6: [Failed Diagnostic Event (not emitted)] contract:CAAAAAAAAAAAAAAAAAAAAAAAAAAAAAAAAAAAAAAAAAAAAAAAAAAAD2KM, topics:[fn_call, CAAAAAAAAAAAAAAAAAAAAAAAAAAAAAAAAAAAAAAAAAAAAAAAAAAAFCT4, __check_auth], data:[Bytes(34b3d6b2f81120958a9504440f42fdd2e929707a1511d97ee0915eb6866010d7), Void, [[Contract, {args: [CAAAAAAAAAAAAAAAAAAAAAAAAAAAAAAAAAAAAAAAAAAAAAAAAAAAFCT4, CAAAAAAAAAAAAAAAAAAAAAAAAAAAAAAAAAAAAAAAAAAAAAAAAAAAHK3M], contract: CAAAAAAAAAAAAAAAAAAAAAAAAAAAAAAAAAAAAAAAAAAAAAAAAAAAD2KM, fn_name: initialize}]]]
   7: [Diagnostic Event] topics:[fn_call, CAAAAAAAAAAAAAAAAAAAAAAAAAAAAAAAAAAAAAAAAAAAAAAAAAAAD2KM, initialize], data:[CAAAAAAAAAAAAAAAAAAAAAAAAAAAAAAAAAAAAAAAAAAAAAAAAAAAFCT4, CAAAAAAAAAAAAAAAAAAAAAAAAAAAAAAAAAAAAAAAAAAAAAAAAAAAHK3M]

Writing test snapshot file for test "tests::test_rollback_stack_integrity" to "test_snapshots\\tests\\test_rollback_stack_integrity.1.json".

---- tests::test_rollback_no_previous_implementation stdout ----

thread 'tests::test_rollback_no_previous_implementation' (22032) panicked at C:\Users\u-adamu\.cargo\registry\src\index.crates.io-1949cf8c6b5b557f\soroban-env-host-22.1.3\src\host.rs:847:9:
HostError: Error(Auth, InvalidAction)

Event log (newest first):
   0: [Diagnostic Event] topics:[error, Error(Auth, InvalidAction)], data:"escalating error to panic"
   1: [Diagnostic Event] topics:[error, Error(Auth, InvalidAction)], data:["contract call failed", initialize, [CAAAAAAAAAAAAAAAAAAAAAAAAAAAAAAAAAAAAAAAAAAAAAAAAAAAFCT4, CAAAAAAAAAAAAAAAAAAAAAAAAAAAAAAAAAAAAAAAAAAAAAAAAAAAHK3M]]
   2: [Failed Diagnostic Event (not emitted)] contract:CAAAAAAAAAAAAAAAAAAAAAAAAAAAAAAAAAAAAAAAAAAAAAAAAAAAD2KM, topics:[error, Error(Auth, InvalidAction)], data:"caught error from function"
   3: [Failed Diagnostic Event (not emitted)] contract:CAAAAAAAAAAAAAAAAAAAAAAAAAAAAAAAAAAAAAAAAAAAAAAAAAAAD2KM, topics:[error, Error(Auth, InvalidAction)], data:"escalating error to panic"
   4: [Failed Diagnostic Event (not emitted)] contract:CAAAAAAAAAAAAAAAAAAAAAAAAAAAAAAAAAAAAAAAAAAAAAAAAAAAD2KM, topics:[error, Error(Auth, InvalidAction)], data:["Unauthorized function call for address", CAAAAAAAAAAAAAAAAAAAAAAAAAAAAAAAAAAAAAAAAAAAAAAAAAAAFCT4]
   5: [Failed Diagnostic Event (not emitted)] contract:CAAAAAAAAAAAAAAAAAAAAAAAAAAAAAAAAAAAAAAAAAAAAAAAAAAAFCT4, topics:[fn_return, __check_auth], data:Void
   6: [Failed Diagnostic Event (not emitted)] contract:CAAAAAAAAAAAAAAAAAAAAAAAAAAAAAAAAAAAAAAAAAAAAAAAAAAAD2KM, topics:[fn_call, CAAAAAAAAAAAAAAAAAAAAAAAAAAAAAAAAAAAAAAAAAAAAAAAAAAAFCT4, __check_auth], data:[Bytes(34b3d6b2f81120958a9504440f42fdd2e929707a1511d97ee0915eb6866010d7), Void, [[Contract, {args: [CAAAAAAAAAAAAAAAAAAAAAAAAAAAAAAAAAAAAAAAAAAAAAAAAAAAFCT4, CAAAAAAAAAAAAAAAAAAAAAAAAAAAAAAAAAAAAAAAAAAAAAAAAAAAHK3M], contract: CAAAAAAAAAAAAAAAAAAAAAAAAAAAAAAAAAAAAAAAAAAAAAAAAAAAD2KM, fn_name: initialize}]]]
   7: [Diagnostic Event] topics:[fn_call, CAAAAAAAAAAAAAAAAAAAAAAAAAAAAAAAAAAAAAAAAAAAAAAAAAAAD2KM, initialize], data:[CAAAAAAAAAAAAAAAAAAAAAAAAAAAAAAAAAAAAAAAAAAAAAAAAAAAFCT4, CAAAAAAAAAAAAAAAAAAAAAAAAAAAAAAAAAAAAAAAAAAAAAAAAAAAHK3M]

Writing test snapshot file for test "tests::test_rollback_no_previous_implementation" to "test_snapshots\\tests\\test_rollback_no_previous_implementation.1.json".
note: panic did not contain expected string
      panic message: "HostError: Error(Auth, InvalidAction)\n\nEvent log (newest first):\n   0: [Diagnostic Event] topics:[error, Error(Auth, InvalidAction)], data:\"escalating error to panic\"\n   1: [Diagnostic Event] topics:[error, Error(Auth, InvalidAction)], data:[\"contract call failed\", initialize, [CAAAAAAAAAAAAAAAAAAAAAAAAAAAAAAAAAAAAAAAAAAAAAAAAAAAFCT4, CAAAAAAAAAAAAAAAAAAAAAAAAAAAAAAAAAAAAAAAAAAAAAAAAAAAHK3M]]\n   2: [Failed Diagnostic Event (not emitted)] contract:CAAAAAAAAAAAAAAAAAAAAAAAAAAAAAAAAAAAAAAAAAAAAAAAAAAAD2KM, topics:[error, Error(Auth, InvalidAction)], data:\"caught error from function\"\n   3: [Failed Diagnostic Event (not emitted)] contract:CAAAAAAAAAAAAAAAAAAAAAAAAAAAAAAAAAAAAAAAAAAAAAAAAAAAD2KM, topics:[error, Error(Auth, InvalidAction)], data:\"escalating error to panic\"\n   4: [Failed Diagnostic Event (not emitted)] contract:CAAAAAAAAAAAAAAAAAAAAAAAAAAAAAAAAAAAAAAAAAAAAAAAAAAAD2KM, topics:[error, Error(Auth, InvalidAction)], data:[\"Unauthorized function call for address\", CAAAAAAAAAAAAAAAAAAAAAAAAAAAAAAAAAAAAAAAAAAAAAAAAAAAFCT4]\n   5: [Failed Diagnostic Event (not emitted)] contract:CAAAAAAAAAAAAAAAAAAAAAAAAAAAAAAAAAAAAAAAAAAAAAAAAAAAFCT4, topics:[fn_return, __check_auth], data:Void\n   6: [Failed Diagnostic Event (not emitted)] contract:CAAAAAAAAAAAAAAAAAAAAAAAAAAAAAAAAAAAAAAAAAAAAAAAAAAAD2KM, topics:[fn_call, CAAAAAAAAAAAAAAAAAAAAAAAAAAAAAAAAAAAAAAAAAAAAAAAAAAAFCT4, __check_auth], data:[Bytes(34b3d6b2f81120958a9504440f42fdd2e929707a1511d97ee0915eb6866010d7), Void, [[Contract, {args: [CAAAAAAAAAAAAAAAAAAAAAAAAAAAAAAAAAAAAAAAAAAAAAAAAAAAFCT4, CAAAAAAAAAAAAAAAAAAAAAAAAAAAAAAAAAAAAAAAAAAAAAAAAAAAHK3M], contract: CAAAAAAAAAAAAAAAAAAAAAAAAAAAAAAAAAAAAAAAAAAAAAAAAAAAD2KM, fn_name: initialize}]]]\n   7: [Diagnostic Event] topics:[fn_call, CAAAAAAAAAAAAAAAAAAAAAAAAAAAAAAAAAAAAAAAAAAAAAAAAAAAD2KM, initialize], data:[CAAAAAAAAAAAAAAAAAAAAAAAAAAAAAAAAAAAAAAAAAAAAAAAAAAAFCT4, CAAAAAAAAAAAAAAAAAAAAAAAAAAAAAAAAAAAAAAAAAAAAAAAAAAAHK3M]\n"
 expected substring: "No previous implementation"
---- tests::test_upgrade_after_rollback stdout ----

thread 'tests::test_upgrade_after_rollback' (21492) panicked at C:\Users\u-adamu\.cargo\registry\src\index.crates.io-1949cf8c6b5b557f\soroban-env-host-22.1.3\src\host.rs:847:9:
HostError: Error(Auth, InvalidAction)

Event log (newest first):
   0: [Diagnostic Event] topics:[error, Error(Auth, InvalidAction)], data:"escalating error to panic"
   1: [Diagnostic Event] topics:[error, Error(Auth, InvalidAction)], data:["contract call failed", initialize, [CAAAAAAAAAAAAAAAAAAAAAAAAAAAAAAAAAAAAAAAAAAAAAAAAAAAFCT4, CAAAAAAAAAAAAAAAAAAAAAAAAAAAAAAAAAAAAAAAAAAAAAAAAAAAHK3M]]
   2: [Failed Diagnostic Event (not emitted)] contract:CAAAAAAAAAAAAAAAAAAAAAAAAAAAAAAAAAAAAAAAAAAAAAAAAAAAD2KM, topics:[error, Error(Auth, InvalidAction)], data:"caught error from function"
   3: [Failed Diagnostic Event (not emitted)] contract:CAAAAAAAAAAAAAAAAAAAAAAAAAAAAAAAAAAAAAAAAAAAAAAAAAAAD2KM, topics:[error, Error(Auth, InvalidAction)], data:"escalating error to panic"
   4: [Failed Diagnostic Event (not emitted)] contract:CAAAAAAAAAAAAAAAAAAAAAAAAAAAAAAAAAAAAAAAAAAAAAAAAAAAD2KM, topics:[error, Error(Auth, InvalidAction)], data:["Unauthorized function call for address", CAAAAAAAAAAAAAAAAAAAAAAAAAAAAAAAAAAAAAAAAAAAAAAAAAAAFCT4]
   5: [Failed Diagnostic Event (not emitted)] contract:CAAAAAAAAAAAAAAAAAAAAAAAAAAAAAAAAAAAAAAAAAAAAAAAAAAAFCT4, topics:[fn_return, __check_auth], data:Void
   6: [Failed Diagnostic Event (not emitted)] contract:CAAAAAAAAAAAAAAAAAAAAAAAAAAAAAAAAAAAAAAAAAAAAAAAAAAAD2KM, topics:[fn_call, CAAAAAAAAAAAAAAAAAAAAAAAAAAAAAAAAAAAAAAAAAAAAAAAAAAAFCT4, __check_auth], data:[Bytes(34b3d6b2f81120958a9504440f42fdd2e929707a1511d97ee0915eb6866010d7), Void, [[Contract, {args: [CAAAAAAAAAAAAAAAAAAAAAAAAAAAAAAAAAAAAAAAAAAAAAAAAAAAFCT4, CAAAAAAAAAAAAAAAAAAAAAAAAAAAAAAAAAAAAAAAAAAAAAAAAAAAHK3M], contract: CAAAAAAAAAAAAAAAAAAAAAAAAAAAAAAAAAAAAAAAAAAAAAAAAAAAD2KM, fn_name: initialize}]]]
   7: [Diagnostic Event] topics:[fn_call, CAAAAAAAAAAAAAAAAAAAAAAAAAAAAAAAAAAAAAAAAAAAAAAAAAAAD2KM, initialize], data:[CAAAAAAAAAAAAAAAAAAAAAAAAAAAAAAAAAAAAAAAAAAAAAAAAAAAFCT4, CAAAAAAAAAAAAAAAAAAAAAAAAAAAAAAAAAAAAAAAAAAAAAAAAAAAHK3M]

Writing test snapshot file for test "tests::test_upgrade_after_rollback" to "test_snapshots\\tests\\test_upgrade_after_rollback.1.json".

---- tests::test_storage_isolation_after_upgrade stdout ----

thread 'tests::test_storage_isolation_after_upgrade' (10420) panicked at C:\Users\u-adamu\.cargo\registry\src\index.crates.io-1949cf8c6b5b557f\soroban-env-host-22.1.3\src\host.rs:847:9:
HostError: Error(Auth, InvalidAction)

Event log (newest first):
   0: [Diagnostic Event] topics:[error, Error(Auth, InvalidAction)], data:"escalating error to panic"
   1: [Diagnostic Event] topics:[error, Error(Auth, InvalidAction)], data:["contract call failed", initialize, [CAAAAAAAAAAAAAAAAAAAAAAAAAAAAAAAAAAAAAAAAAAAAAAAAAAAFCT4, CAAAAAAAAAAAAAAAAAAAAAAAAAAAAAAAAAAAAAAAAAAAAAAAAAAAHK3M]]
   2: [Failed Diagnostic Event (not emitted)] contract:CAAAAAAAAAAAAAAAAAAAAAAAAAAAAAAAAAAAAAAAAAAAAAAAAAAAD2KM, topics:[error, Error(Auth, InvalidAction)], data:"caught error from function"
   3: [Failed Diagnostic Event (not emitted)] contract:CAAAAAAAAAAAAAAAAAAAAAAAAAAAAAAAAAAAAAAAAAAAAAAAAAAAD2KM, topics:[error, Error(Auth, InvalidAction)], data:"escalating error to panic"
   4: [Failed Diagnostic Event (not emitted)] contract:CAAAAAAAAAAAAAAAAAAAAAAAAAAAAAAAAAAAAAAAAAAAAAAAAAAAD2KM, topics:[error, Error(Auth, InvalidAction)], data:["Unauthorized function call for address", CAAAAAAAAAAAAAAAAAAAAAAAAAAAAAAAAAAAAAAAAAAAAAAAAAAAFCT4]
   5: [Failed Diagnostic Event (not emitted)] contract:CAAAAAAAAAAAAAAAAAAAAAAAAAAAAAAAAAAAAAAAAAAAAAAAAAAAFCT4, topics:[fn_return, __check_auth], data:Void
   6: [Failed Diagnostic Event (not emitted)] contract:CAAAAAAAAAAAAAAAAAAAAAAAAAAAAAAAAAAAAAAAAAAAAAAAAAAAD2KM, topics:[fn_call, CAAAAAAAAAAAAAAAAAAAAAAAAAAAAAAAAAAAAAAAAAAAAAAAAAAAFCT4, __check_auth], data:[Bytes(34b3d6b2f81120958a9504440f42fdd2e929707a1511d97ee0915eb6866010d7), Void, [[Contract, {args: [CAAAAAAAAAAAAAAAAAAAAAAAAAAAAAAAAAAAAAAAAAAAAAAAAAAAFCT4, CAAAAAAAAAAAAAAAAAAAAAAAAAAAAAAAAAAAAAAAAAAAAAAAAAAAHK3M], contract: CAAAAAAAAAAAAAAAAAAAAAAAAAAAAAAAAAAAAAAAAAAAAAAAAAAAD2KM, fn_name: initialize}]]]
   7: [Diagnostic Event] topics:[fn_call, CAAAAAAAAAAAAAAAAAAAAAAAAAAAAAAAAAAAAAAAAAAAAAAAAAAAD2KM, initialize], data:[CAAAAAAAAAAAAAAAAAAAAAAAAAAAAAAAAAAAAAAAAAAAAAAAAAAAFCT4, CAAAAAAAAAAAAAAAAAAAAAAAAAAAAAAAAAAAAAAAAAAAAAAAAAAAHK3M]

Writing test snapshot file for test "tests::test_storage_isolation_after_upgrade" to "test_snapshots\\tests\\test_storage_isolation_after_upgrade.1.json".

---- tests::test_storage_keys_dont_collide stdout ----

thread 'tests::test_storage_keys_dont_collide' (20872) panicked at C:\Users\u-adamu\.cargo\registry\src\index.crates.io-1949cf8c6b5b557f\soroban-env-host-22.1.3\src\host.rs:847:9:
HostError: Error(Auth, InvalidAction)

Event log (newest first):
   0: [Diagnostic Event] topics:[error, Error(Auth, InvalidAction)], data:"escalating error to panic"
   1: [Diagnostic Event] topics:[error, Error(Auth, InvalidAction)], data:["contract call failed", initialize, [CAAAAAAAAAAAAAAAAAAAAAAAAAAAAAAAAAAAAAAAAAAAAAAAAAAAFCT4, CAAAAAAAAAAAAAAAAAAAAAAAAAAAAAAAAAAAAAAAAAAAAAAAAAAAHK3M]]
   2: [Failed Diagnostic Event (not emitted)] contract:CAAAAAAAAAAAAAAAAAAAAAAAAAAAAAAAAAAAAAAAAAAAAAAAAAAAD2KM, topics:[error, Error(Auth, InvalidAction)], data:"caught error from function"
   3: [Failed Diagnostic Event (not emitted)] contract:CAAAAAAAAAAAAAAAAAAAAAAAAAAAAAAAAAAAAAAAAAAAAAAAAAAAD2KM, topics:[error, Error(Auth, InvalidAction)], data:"escalating error to panic"
   4: [Failed Diagnostic Event (not emitted)] contract:CAAAAAAAAAAAAAAAAAAAAAAAAAAAAAAAAAAAAAAAAAAAAAAAAAAAD2KM, topics:[error, Error(Auth, InvalidAction)], data:["Unauthorized function call for address", CAAAAAAAAAAAAAAAAAAAAAAAAAAAAAAAAAAAAAAAAAAAAAAAAAAAFCT4]
   5: [Failed Diagnostic Event (not emitted)] contract:CAAAAAAAAAAAAAAAAAAAAAAAAAAAAAAAAAAAAAAAAAAAAAAAAAAAFCT4, topics:[fn_return, __check_auth], data:Void
   6: [Failed Diagnostic Event (not emitted)] contract:CAAAAAAAAAAAAAAAAAAAAAAAAAAAAAAAAAAAAAAAAAAAAAAAAAAAD2KM, topics:[fn_call, CAAAAAAAAAAAAAAAAAAAAAAAAAAAAAAAAAAAAAAAAAAAAAAAAAAAFCT4, __check_auth], data:[Bytes(34b3d6b2f81120958a9504440f42fdd2e929707a1511d97ee0915eb6866010d7), Void, [[Contract, {args: [CAAAAAAAAAAAAAAAAAAAAAAAAAAAAAAAAAAAAAAAAAAAAAAAAAAAFCT4, CAAAAAAAAAAAAAAAAAAAAAAAAAAAAAAAAAAAAAAAAAAAAAAAAAAAHK3M], contract: CAAAAAAAAAAAAAAAAAAAAAAAAAAAAAAAAAAAAAAAAAAAAAAAAAAAD2KM, fn_name: initialize}]]]
   7: [Diagnostic Event] topics:[fn_call, CAAAAAAAAAAAAAAAAAAAAAAAAAAAAAAAAAAAAAAAAAAAAAAAAAAAD2KM, initialize], data:[CAAAAAAAAAAAAAAAAAAAAAAAAAAAAAAAAAAAAAAAAAAAAAAAAAAAFCT4, CAAAAAAAAAAAAAAAAAAAAAAAAAAAAAAAAAAAAAAAAAAAAAAAAAAAHK3M]

Writing test snapshot file for test "tests::test_storage_keys_dont_collide" to "test_snapshots\\tests\\test_storage_keys_dont_collide.1.json".

---- tests::test_upgrade stdout ----

thread 'tests::test_upgrade' (26984) panicked at C:\Users\u-adamu\.cargo\registry\src\index.crates.io-1949cf8c6b5b557f\soroban-env-host-22.1.3\src\host.rs:847:9:
HostError: Error(Auth, InvalidAction)

Event log (newest first):
   0: [Diagnostic Event] topics:[error, Error(Auth, InvalidAction)], data:"escalating error to panic"
   1: [Diagnostic Event] topics:[error, Error(Auth, InvalidAction)], data:["contract call failed", initialize, [CAAAAAAAAAAAAAAAAAAAAAAAAAAAAAAAAAAAAAAAAAAAAAAAAAAAFCT4, CAAAAAAAAAAAAAAAAAAAAAAAAAAAAAAAAAAAAAAAAAAAAAAAAAAAHK3M]]
   2: [Failed Diagnostic Event (not emitted)] contract:CAAAAAAAAAAAAAAAAAAAAAAAAAAAAAAAAAAAAAAAAAAAAAAAAAAAD2KM, topics:[error, Error(Auth, InvalidAction)], data:"caught error from function"
   3: [Failed Diagnostic Event (not emitted)] contract:CAAAAAAAAAAAAAAAAAAAAAAAAAAAAAAAAAAAAAAAAAAAAAAAAAAAD2KM, topics:[error, Error(Auth, InvalidAction)], data:"escalating error to panic"
   4: [Failed Diagnostic Event (not emitted)] contract:CAAAAAAAAAAAAAAAAAAAAAAAAAAAAAAAAAAAAAAAAAAAAAAAAAAAD2KM, topics:[error, Error(Auth, InvalidAction)], data:["Unauthorized function call for address", CAAAAAAAAAAAAAAAAAAAAAAAAAAAAAAAAAAAAAAAAAAAAAAAAAAAFCT4]
   5: [Failed Diagnostic Event (not emitted)] contract:CAAAAAAAAAAAAAAAAAAAAAAAAAAAAAAAAAAAAAAAAAAAAAAAAAAAFCT4, topics:[fn_return, __check_auth], data:Void
   6: [Failed Diagnostic Event (not emitted)] contract:CAAAAAAAAAAAAAAAAAAAAAAAAAAAAAAAAAAAAAAAAAAAAAAAAAAAD2KM, topics:[fn_call, CAAAAAAAAAAAAAAAAAAAAAAAAAAAAAAAAAAAAAAAAAAAAAAAAAAAFCT4, __check_auth], data:[Bytes(34b3d6b2f81120958a9504440f42fdd2e929707a1511d97ee0915eb6866010d7), Void, [[Contract, {args: [CAAAAAAAAAAAAAAAAAAAAAAAAAAAAAAAAAAAAAAAAAAAAAAAAAAAFCT4, CAAAAAAAAAAAAAAAAAAAAAAAAAAAAAAAAAAAAAAAAAAAAAAAAAAAHK3M], contract: CAAAAAAAAAAAAAAAAAAAAAAAAAAAAAAAAAAAAAAAAAAAAAAAAAAAD2KM, fn_name: initialize}]]]
   7: [Diagnostic Event] topics:[fn_call, CAAAAAAAAAAAAAAAAAAAAAAAAAAAAAAAAAAAAAAAAAAAAAAAAAAAD2KM, initialize], data:[CAAAAAAAAAAAAAAAAAAAAAAAAAAAAAAAAAAAAAAAAAAAAAAAAAAAFCT4, CAAAAAAAAAAAAAAAAAAAAAAAAAAAAAAAAAAAAAAAAAAAAAAAAAAAHK3M]

Writing test snapshot file for test "tests::test_upgrade" to "test_snapshots\\tests\\test_upgrade.1.json".

---- tests::test_upgrade_not_initialized stdout ----

thread 'tests::test_upgrade_not_initialized' (28368) panicked at C:\Users\u-adamu\.cargo\registry\src\index.crates.io-1949cf8c6b5b557f\soroban-env-host-22.1.3\src\host.rs:847:9:
HostError: Error(Auth, InvalidAction)

Event log (newest first):
   0: [Diagnostic Event] topics:[error, Error(Auth, InvalidAction)], data:"escalating error to panic"
   1: [Diagnostic Event] topics:[error, Error(Auth, InvalidAction)], data:["contract call failed", initialize, [CAAAAAAAAAAAAAAAAAAAAAAAAAAAAAAAAAAAAAAAAAAAAAAAAAAAFCT4, CAAAAAAAAAAAAAAAAAAAAAAAAAAAAAAAAAAAAAAAAAAAAAAAAAAAHK3M]]
   2: [Failed Diagnostic Event (not emitted)] contract:CAAAAAAAAAAAAAAAAAAAAAAAAAAAAAAAAAAAAAAAAAAAAAAAAAAAD2KM, topics:[error, Error(Auth, InvalidAction)], data:"caught error from function"
   3: [Failed Diagnostic Event (not emitted)] contract:CAAAAAAAAAAAAAAAAAAAAAAAAAAAAAAAAAAAAAAAAAAAAAAAAAAAD2KM, topics:[error, Error(Auth, InvalidAction)], data:"escalating error to panic"
   4: [Failed Diagnostic Event (not emitted)] contract:CAAAAAAAAAAAAAAAAAAAAAAAAAAAAAAAAAAAAAAAAAAAAAAAAAAAD2KM, topics:[error, Error(Auth, InvalidAction)], data:["Unauthorized function call for address", CAAAAAAAAAAAAAAAAAAAAAAAAAAAAAAAAAAAAAAAAAAAAAAAAAAAFCT4]
   5: [Failed Diagnostic Event (not emitted)] contract:CAAAAAAAAAAAAAAAAAAAAAAAAAAAAAAAAAAAAAAAAAAAAAAAAAAAFCT4, topics:[fn_return, __check_auth], data:Void
   6: [Failed Diagnostic Event (not emitted)] contract:CAAAAAAAAAAAAAAAAAAAAAAAAAAAAAAAAAAAAAAAAAAAAAAAAAAAD2KM, topics:[fn_call, CAAAAAAAAAAAAAAAAAAAAAAAAAAAAAAAAAAAAAAAAAAAAAAAAAAAFCT4, __check_auth], data:[Bytes(34b3d6b2f81120958a9504440f42fdd2e929707a1511d97ee0915eb6866010d7), Void, [[Contract, {args: [CAAAAAAAAAAAAAAAAAAAAAAAAAAAAAAAAAAAAAAAAAAAAAAAAAAAFCT4, CAAAAAAAAAAAAAAAAAAAAAAAAAAAAAAAAAAAAAAAAAAAAAAAAAAAHK3M], contract: CAAAAAAAAAAAAAAAAAAAAAAAAAAAAAAAAAAAAAAAAAAAAAAAAAAAD2KM, fn_name: initialize}]]]
   7: [Diagnostic Event] topics:[fn_call, CAAAAAAAAAAAAAAAAAAAAAAAAAAAAAAAAAAAAAAAAAAAAAAAAAAAD2KM, initialize], data:[CAAAAAAAAAAAAAAAAAAAAAAAAAAAAAAAAAAAAAAAAAAAAAAAAAAAFCT4, CAAAAAAAAAAAAAAAAAAAAAAAAAAAAAAAAAAAAAAAAAAAAAAAAAAAHK3M]

Writing test snapshot file for test "tests::test_upgrade_not_initialized" to "test_snapshots\\tests\\test_upgrade_not_initialized.1.json".
note: panic did not contain expected string
      panic message: "HostError: Error(Auth, InvalidAction)\n\nEvent log (newest first):\n   0: [Diagnostic Event] topics:[error, Error(Auth, InvalidAction)], data:\"escalating error to panic\"\n   1: [Diagnostic Event] topics:[error, Error(Auth, InvalidAction)], data:[\"contract call failed\", initialize, [CAAAAAAAAAAAAAAAAAAAAAAAAAAAAAAAAAAAAAAAAAAAAAAAAAAAFCT4, CAAAAAAAAAAAAAAAAAAAAAAAAAAAAAAAAAAAAAAAAAAAAAAAAAAAHK3M]]\n   2: [Failed Diagnostic Event (not emitted)] contract:CAAAAAAAAAAAAAAAAAAAAAAAAAAAAAAAAAAAAAAAAAAAAAAAAAAAD2KM, topics:[error, Error(Auth, InvalidAction)], data:\"caught error from function\"\n   3: [Failed Diagnostic Event (not emitted)] contract:CAAAAAAAAAAAAAAAAAAAAAAAAAAAAAAAAAAAAAAAAAAAAAAAAAAAD2KM, topics:[error, Error(Auth, InvalidAction)], data:\"escalating error to panic\"\n   4: [Failed Diagnostic Event (not emitted)] contract:CAAAAAAAAAAAAAAAAAAAAAAAAAAAAAAAAAAAAAAAAAAAAAAAAAAAD2KM, topics:[error, Error(Auth, InvalidAction)], data:[\"Unauthorized function call for address\", CAAAAAAAAAAAAAAAAAAAAAAAAAAAAAAAAAAAAAAAAAAAAAAAAAAAFCT4]\n   5: [Failed Diagnostic Event (not emitted)] contract:CAAAAAAAAAAAAAAAAAAAAAAAAAAAAAAAAAAAAAAAAAAAAAAAAAAAFCT4, topics:[fn_return, __check_auth], data:Void\n   6: [Failed Diagnostic Event (not emitted)] contract:CAAAAAAAAAAAAAAAAAAAAAAAAAAAAAAAAAAAAAAAAAAAAAAAAAAAD2KM, topics:[fn_call, CAAAAAAAAAAAAAAAAAAAAAAAAAAAAAAAAAAAAAAAAAAAAAAAAAAAFCT4, __check_auth], data:[Bytes(34b3d6b2f81120958a9504440f42fdd2e929707a1511d97ee0915eb6866010d7), Void, [[Contract, {args: [CAAAAAAAAAAAAAAAAAAAAAAAAAAAAAAAAAAAAAAAAAAAAAAAAAAAFCT4, CAAAAAAAAAAAAAAAAAAAAAAAAAAAAAAAAAAAAAAAAAAAAAAAAAAAHK3M], contract: CAAAAAAAAAAAAAAAAAAAAAAAAAAAAAAAAAAAAAAAAAAAAAAAAAAAD2KM, fn_name: initialize}]]]\n   7: [Diagnostic Event] topics:[fn_call, CAAAAAAAAAAAAAAAAAAAAAAAAAAAAAAAAAAAAAAAAAAAAAAAAAAAD2KM, initialize], data:[CAAAAAAAAAAAAAAAAAAAAAAAAAAAAAAAAAAAAAAAAAAAAAAAAAAAFCT4, CAAAAAAAAAAAAAAAAAAAAAAAAAAAAAAAAAAAAAAAAAAAAAAAAAAAHK3M]\n"
 expected substring: "HostError: Error(WasmVm, InvalidAction)"
---- tests::test_upgrade_same_implementation stdout ----

thread 'tests::test_upgrade_same_implementation' (28336) panicked at C:\Users\u-adamu\.cargo\registry\src\index.crates.io-1949cf8c6b5b557f\soroban-env-host-22.1.3\src\host.rs:847:9:
HostError: Error(Auth, InvalidAction)

Event log (newest first):
   0: [Diagnostic Event] topics:[error, Error(Auth, InvalidAction)], data:"escalating error to panic"
   1: [Diagnostic Event] topics:[error, Error(Auth, InvalidAction)], data:["contract call failed", initialize, [CAAAAAAAAAAAAAAAAAAAAAAAAAAAAAAAAAAAAAAAAAAAAAAAAAAAFCT4, CAAAAAAAAAAAAAAAAAAAAAAAAAAAAAAAAAAAAAAAAAAAAAAAAAAAHK3M]]
   2: [Failed Diagnostic Event (not emitted)] contract:CAAAAAAAAAAAAAAAAAAAAAAAAAAAAAAAAAAAAAAAAAAAAAAAAAAAD2KM, topics:[error, Error(Auth, InvalidAction)], data:"caught error from function"
   3: [Failed Diagnostic Event (not emitted)] contract:CAAAAAAAAAAAAAAAAAAAAAAAAAAAAAAAAAAAAAAAAAAAAAAAAAAAD2KM, topics:[error, Error(Auth, InvalidAction)], data:"escalating error to panic"
   4: [Failed Diagnostic Event (not emitted)] contract:CAAAAAAAAAAAAAAAAAAAAAAAAAAAAAAAAAAAAAAAAAAAAAAAAAAAD2KM, topics:[error, Error(Auth, InvalidAction)], data:["Unauthorized function call for address", CAAAAAAAAAAAAAAAAAAAAAAAAAAAAAAAAAAAAAAAAAAAAAAAAAAAFCT4]
   5: [Failed Diagnostic Event (not emitted)] contract:CAAAAAAAAAAAAAAAAAAAAAAAAAAAAAAAAAAAAAAAAAAAAAAAAAAAFCT4, topics:[fn_return, __check_auth], data:Void
   6: [Failed Diagnostic Event (not emitted)] contract:CAAAAAAAAAAAAAAAAAAAAAAAAAAAAAAAAAAAAAAAAAAAAAAAAAAAD2KM, topics:[fn_call, CAAAAAAAAAAAAAAAAAAAAAAAAAAAAAAAAAAAAAAAAAAAAAAAAAAAFCT4, __check_auth], data:[Bytes(34b3d6b2f81120958a9504440f42fdd2e929707a1511d97ee0915eb6866010d7), Void, [[Contract, {args: [CAAAAAAAAAAAAAAAAAAAAAAAAAAAAAAAAAAAAAAAAAAAAAAAAAAAFCT4, CAAAAAAAAAAAAAAAAAAAAAAAAAAAAAAAAAAAAAAAAAAAAAAAAAAAHK3M], contract: CAAAAAAAAAAAAAAAAAAAAAAAAAAAAAAAAAAAAAAAAAAAAAAAAAAAD2KM, fn_name: initialize}]]]
   7: [Diagnostic Event] topics:[fn_call, CAAAAAAAAAAAAAAAAAAAAAAAAAAAAAAAAAAAAAAAAAAAAAAAAAAAD2KM, initialize], data:[CAAAAAAAAAAAAAAAAAAAAAAAAAAAAAAAAAAAAAAAAAAAAAAAAAAAFCT4, CAAAAAAAAAAAAAAAAAAAAAAAAAAAAAAAAAAAAAAAAAAAAAAAAAAAHK3M]

Writing test snapshot file for test "tests::test_upgrade_same_implementation" to "test_snapshots\\tests\\test_upgrade_same_implementation.1.json".

---- tests::test_vote_on_upgrade stdout ----

thread 'tests::test_vote_on_upgrade' (5912) panicked at C:\Users\u-adamu\.cargo\registry\src\index.crates.io-1949cf8c6b5b557f\soroban-env-host-22.1.3\src\host.rs:847:9:
HostError: Error(Auth, InvalidAction)

Event log (newest first):
   0: [Diagnostic Event] topics:[error, Error(Auth, InvalidAction)], data:"escalating error to panic"
   1: [Diagnostic Event] topics:[error, Error(Auth, InvalidAction)], data:["contract call failed", initialize, [CAAAAAAAAAAAAAAAAAAAAAAAAAAAAAAAAAAAAAAAAAAAAAAAAAAAFCT4, CAAAAAAAAAAAAAAAAAAAAAAAAAAAAAAAAAAAAAAAAAAAAAAAAAAAHK3M]]
   2: [Failed Diagnostic Event (not emitted)] contract:CAAAAAAAAAAAAAAAAAAAAAAAAAAAAAAAAAAAAAAAAAAAAAAAAAAAD2KM, topics:[error, Error(Auth, InvalidAction)], data:"caught error from function"
   3: [Failed Diagnostic Event (not emitted)] contract:CAAAAAAAAAAAAAAAAAAAAAAAAAAAAAAAAAAAAAAAAAAAAAAAAAAAD2KM, topics:[error, Error(Auth, InvalidAction)], data:"escalating error to panic"
   4: [Failed Diagnostic Event (not emitted)] contract:CAAAAAAAAAAAAAAAAAAAAAAAAAAAAAAAAAAAAAAAAAAAAAAAAAAAD2KM, topics:[error, Error(Auth, InvalidAction)], data:["Unauthorized function call for address", CAAAAAAAAAAAAAAAAAAAAAAAAAAAAAAAAAAAAAAAAAAAAAAAAAAAFCT4]
   5: [Failed Diagnostic Event (not emitted)] contract:CAAAAAAAAAAAAAAAAAAAAAAAAAAAAAAAAAAAAAAAAAAAAAAAAAAAFCT4, topics:[fn_return, __check_auth], data:Void
   6: [Failed Diagnostic Event (not emitted)] contract:CAAAAAAAAAAAAAAAAAAAAAAAAAAAAAAAAAAAAAAAAAAAAAAAAAAAD2KM, topics:[fn_call, CAAAAAAAAAAAAAAAAAAAAAAAAAAAAAAAAAAAAAAAAAAAAAAAAAAAFCT4, __check_auth], data:[Bytes(34b3d6b2f81120958a9504440f42fdd2e929707a1511d97ee0915eb6866010d7), Void, [[Contract, {args: [CAAAAAAAAAAAAAAAAAAAAAAAAAAAAAAAAAAAAAAAAAAAAAAAAAAAFCT4, CAAAAAAAAAAAAAAAAAAAAAAAAAAAAAAAAAAAAAAAAAAAAAAAAAAAHK3M], contract: CAAAAAAAAAAAAAAAAAAAAAAAAAAAAAAAAAAAAAAAAAAAAAAAAAAAD2KM, fn_name: initialize}]]]
   7: [Diagnostic Event] topics:[fn_call, CAAAAAAAAAAAAAAAAAAAAAAAAAAAAAAAAAAAAAAAAAAAAAAAAAAAD2KM, initialize], data:[CAAAAAAAAAAAAAAAAAAAAAAAAAAAAAAAAAAAAAAAAAAAAAAAAAAAFCT4, CAAAAAAAAAAAAAAAAAAAAAAAAAAAAAAAAAAAAAAAAAAAAAAAAAAAHK3M]

Writing test snapshot file for test "tests::test_vote_on_upgrade" to "test_snapshots\\tests\\test_vote_on_upgrade.1.json".


failures:
    tests::test_admin_remains_consistent_across_operations
    tests::test_cannot_reinitialize
    tests::test_delegate_call_forwards_to_correct_implementation
    tests::test_emergency_pause
    tests::test_execute_upgrade_with_timelock
    tests::test_get_admin
    tests::test_get_admin_not_initialized
    tests::test_get_current_version
    tests::test_get_implementation
    tests::test_get_implementation_not_initialized
    tests::test_get_pending_upgrade
    tests::test_get_upgrade_timelock
    tests::test_implementation_address_validation
    tests::test_initialization_sets_all_fields_correctly
    tests::test_initialize
    tests::test_multiple_upgrades_and_rollbacks
    tests::test_propose_upgrade
    tests::test_rollback
    tests::test_rollback_no_previous_implementation
    tests::test_rollback_not_initialized
    tests::test_rollback_stack_integrity
    tests::test_storage_isolation_after_upgrade
    tests::test_storage_keys_dont_collide
    tests::test_upgrade
    tests::test_upgrade_after_rollback
    tests::test_upgrade_not_initialized
    tests::test_upgrade_same_implementation
    tests::test_vote_on_upgrade

test result: FAILED. 6 passed; 28 failed; 0 ignored; 0 measured; 0 filtered out; finished in 0.16s

error: test failed, to rerun pass `-p proxy --lib`
